For now assuming 4 micron wavelength streading for a 13 fs temporal window
For now also assuming 100eV for the energy window regardless of sampling
.1eV = 100fs, 1eV = 10fs, (30nm width @ 800nm) 50meV = 33fs gives time-bandwidth product dE[eV]*dt[fs] = 1.620000
01pct:(4 4)
02pct:(4 4)
05pct:(4 4)
10pct:(4 4)
20pct:(4 4)
40pct:(4 1)
80pct:(4 1)
01pct:(4 4)
02pct:(4 4)
05pct:(4 4)
10pct:(4 4)
20pct:(4 2)
40pct:(4 1)
80pct:(4 1)
01pct:(3 4)
02pct:(3 4)
05pct:(3 4)
10pct:(3 4)
20pct:(3 2)
40pct:(3 1)
80pct:(3 1)
01pct:(5 4)
02pct:(5 4)
05pct:(5 4)
10pct:(5 4)
20pct:(5 2)
40pct:(5 1)
80pct:(5 1)
01pct:(2 4)
02pct:(2 4)
05pct:(2 4)
10pct:(2 4)
20pct:(2 2)
40pct:(2 1)
80pct:(2 1)
01pct:(2 4)
02pct:(2 4)
05pct:(2 4)
10pct:(2 4)
20pct:(2 3)
40pct:(2 2)
80pct:(2 1)
01pct:(4 4)
02pct:(4 4)
05pct:(4 4)
10pct:(4 4)
20pct:(4 2)
40pct:(4 1)
80pct:(4 1)
01pct:(4 4)
02pct:(4 4)
05pct:(4 4)
10pct:(4 4)
20pct:(4 2)
40pct:(4 1)
80pct:(4 1)
01pct:(2 4)
02pct:(2 4)
05pct:(2 4)
10pct:(2 4)
20pct:(2 4)
40pct:(2 2)
80pct:(2 1)
01pct:(2 4)
02pct:(2 4)
05pct:(2 4)
10pct:(2 4)
20pct:(2 4)
40pct:(2 2)
80pct:(2 2)
01pct:(2 4)
02pct:(2 4)
05pct:(2 4)
10pct:(2 4)
20pct:(2 2)
40pct:(2 1)
80pct:(2 1)
01pct:(2 4)
02pct:(2 4)
05pct:(2 4)
10pct:(2 4)
20pct:(2 4)
40pct:(2 1)
80pct:(2 1)
01pct:(4 4)
02pct:(4 4)
05pct:(4 4)
10pct:(4 4)
20pct:(4 2)
40pct:(4 1)
80pct:(4 1)
01pct:(2 4)
02pct:(2 4)
05pct:(2 4)
10pct:(2 4)
20pct:(2 2)
40pct:(2 1)
80pct:(2 1)
01pct:(3 4)
02pct:(3 4)
05pct:(3 4)
10pct:(3 4)
20pct:(3 4)
40pct:(3 2)
80pct:(3 1)
01pct:(2 4)
02pct:(2 4)
05pct:(2 4)
10pct:(2 4)
20pct:(2 2)
40pct:(2 1)
80pct:(2 1)
01pct:(4 4)
02pct:(4 4)
05pct:(4 4)
10pct:(4 4)
20pct:(4 3)
40pct:(4 1)
80pct:(4 1)
01pct:(5 4)
02pct:(5 4)
05pct:(5 4)
10pct:(5 4)
20pct:(5 2)
40pct:(5 2)
80pct:(5 1)
01pct:(4 4)
02pct:(4 4)
05pct:(4 4)
10pct:(4 4)
20pct:(4 3)
40pct:(4 1)
80pct:(4 1)
01pct:(3 4)
02pct:(3 4)
05pct:(3 4)
10pct:(3 3)
20pct:(3 2)
40pct:(3 1)
80pct:(3 1)
01pct:(3 4)
02pct:(3 4)
05pct:(3 4)
10pct:(3 4)
20pct:(3 4)
40pct:(3 1)
80pct:(3 1)
01pct:(4 4)
02pct:(4 4)
05pct:(4 4)
10pct:(4 4)
20pct:(4 3)
40pct:(4 1)
80pct:(4 1)
01pct:(2 4)
02pct:(2 4)
05pct:(2 4)
10pct:(2 4)
20pct:(2 4)
40pct:(2 1)
80pct:(2 1)
01pct:(4 4)
02pct:(4 4)
05pct:(4 4)
10pct:(4 4)
20pct:(4 3)
40pct:(4 1)
80pct:(4 1)
01pct:(4 4)
02pct:(4 4)
05pct:(4 4)
10pct:(4 2)
20pct:(4 2)
40pct:(4 1)
80pct:(4 1)
01pct:(3 4)
02pct:(3 4)
05pct:(3 4)
10pct:(3 4)
20pct:(3 3)
40pct:(3 1)
80pct:(3 1)
01pct:(3 4)
02pct:(3 4)
05pct:(3 4)
10pct:(3 4)
20pct:(3 2)
40pct:(3 1)
80pct:(3 1)
01pct:(2 4)
02pct:(2 4)
05pct:(2 4)
10pct:(2 4)
20pct:(2 2)
40pct:(2 1)
80pct:(2 1)
01pct:(2 4)
02pct:(2 4)
05pct:(2 4)
10pct:(2 3)
20pct:(2 1)
40pct:(2 1)
80pct:(2 1)
01pct:(3 4)
02pct:(3 4)
05pct:(3 4)
10pct:(3 3)
20pct:(3 1)
40pct:(3 1)
80pct:(3 1)
01pct:(3 4)
02pct:(3 4)
05pct:(3 4)
10pct:(3 4)
20pct:(3 4)
40pct:(3 1)
80pct:(3 1)
01pct:(2 4)
02pct:(2 4)
05pct:(2 4)
10pct:(2 4)
20pct:(2 4)
40pct:(2 1)
80pct:(2 1)
01pct:(2 4)
02pct:(2 4)
05pct:(2 4)
10pct:(2 4)
20pct:(2 4)
40pct:(2 2)
80pct:(2 2)
01pct:(2 4)
02pct:(2 4)
05pct:(2 4)
10pct:(2 2)
20pct:(2 1)
40pct:(2 1)
80pct:(2 1)
01pct:(2 4)
02pct:(2 4)
05pct:(2 4)
10pct:(2 4)
20pct:(2 2)
40pct:(2 2)
80pct:(2 1)
01pct:(4 4)
02pct:(4 4)
05pct:(4 4)
10pct:(4 4)
20pct:(4 2)
40pct:(4 1)
80pct:(4 1)
01pct:(4 4)
02pct:(4 4)
05pct:(4 4)
10pct:(4 3)
20pct:(4 2)
40pct:(4 1)
80pct:(4 1)
01pct:(4 4)
02pct:(4 4)
05pct:(4 4)
10pct:(4 2)
20pct:(4 1)
40pct:(4 1)
80pct:(4 1)
01pct:(4 4)
02pct:(4 4)
05pct:(4 4)
10pct:(4 2)
20pct:(4 2)
40pct:(4 1)
80pct:(4 1)
01pct:(2 4)
02pct:(2 4)
05pct:(2 4)
10pct:(2 4)
20pct:(2 4)
40pct:(2 2)
80pct:(2 1)
01pct:(2 4)
02pct:(2 4)
05pct:(2 4)
10pct:(2 4)
20pct:(2 2)
40pct:(2 1)
80pct:(2 1)
01pct:(2 4)
02pct:(2 4)
05pct:(2 4)
10pct:(2 4)
20pct:(2 3)
40pct:(2 1)
80pct:(2 1)
01pct:(3 4)
02pct:(3 4)
05pct:(3 4)
10pct:(3 4)
20pct:(3 2)
40pct:(3 2)
80pct:(3 1)
01pct:(2 4)
02pct:(2 4)
05pct:(2 4)
10pct:(2 4)
20pct:(2 2)
40pct:(2 1)
80pct:(2 1)
01pct:(2 4)
02pct:(2 4)
05pct:(2 4)
10pct:(2 4)
20pct:(2 4)
40pct:(2 1)
80pct:(2 1)
01pct:(2 4)
02pct:(2 4)
05pct:(2 4)
10pct:(2 4)
20pct:(2 2)
40pct:(2 1)
80pct:(2 1)
01pct:(2 4)
02pct:(2 4)
05pct:(2 4)
10pct:(2 4)
20pct:(2 2)
40pct:(2 1)
80pct:(2 1)
01pct:(2 4)
02pct:(2 4)
05pct:(2 4)
10pct:(2 4)
20pct:(2 2)
40pct:(2 1)
80pct:(2 1)
01pct:(3 4)
02pct:(3 4)
05pct:(3 4)
10pct:(3 4)
20pct:(3 3)
40pct:(3 1)
80pct:(3 1)
01pct:(4 4)
02pct:(4 4)
05pct:(4 4)
10pct:(4 4)
20pct:(4 2)
40pct:(4 1)
80pct:(4 1)
01pct:(2 4)
02pct:(2 4)
05pct:(2 4)
10pct:(2 4)
20pct:(2 4)
40pct:(2 1)
80pct:(2 1)
01pct:(3 4)
02pct:(3 4)
05pct:(3 4)
10pct:(3 4)
20pct:(3 2)
40pct:(3 2)
80pct:(3 1)
01pct:(5 4)
02pct:(5 4)
05pct:(5 4)
10pct:(5 4)
20pct:(5 3)
40pct:(5 1)
80pct:(5 1)
01pct:(4 4)
02pct:(4 4)
05pct:(4 4)
10pct:(4 4)
20pct:(4 3)
40pct:(4 1)
80pct:(4 1)
01pct:(3 4)
02pct:(3 4)
05pct:(3 4)
10pct:(3 4)
20pct:(3 2)
40pct:(3 1)
80pct:(3 1)
01pct:(4 4)
02pct:(4 4)
05pct:(4 4)
10pct:(4 3)
20pct:(4 1)
40pct:(4 1)
80pct:(4 1)
01pct:(3 4)
02pct:(3 4)
05pct:(3 4)
10pct:(3 3)
20pct:(3 2)
40pct:(3 1)
80pct:(3 1)
01pct:(4 4)
02pct:(4 4)
05pct:(4 4)
10pct:(4 4)
20pct:(4 2)
40pct:(4 1)
80pct:(4 1)
01pct:(2 4)
02pct:(2 4)
05pct:(2 4)
10pct:(2 4)
20pct:(2 3)
40pct:(2 1)
80pct:(2 1)
01pct:(2 4)
02pct:(2 4)
05pct:(2 4)
10pct:(2 4)
20pct:(2 2)
40pct:(2 1)
80pct:(2 1)
01pct:(6 4)
02pct:(6 4)
05pct:(6 4)
10pct:(6 2)
20pct:(6 2)
40pct:(6 1)
80pct:(6 1)
01pct:(2 4)
02pct:(2 4)
05pct:(2 4)
10pct:(2 4)
20pct:(2 2)
40pct:(2 1)
80pct:(2 1)
01pct:(2 4)
02pct:(2 4)
05pct:(2 4)
10pct:(2 4)
20pct:(2 4)
40pct:(2 1)
80pct:(2 1)
01pct:(2 4)
02pct:(2 4)
05pct:(2 4)
10pct:(2 4)
20pct:(2 4)
40pct:(2 2)
80pct:(2 1)
01pct:(3 4)
02pct:(3 4)
05pct:(3 4)
10pct:(3 4)
20pct:(3 2)
40pct:(3 1)
80pct:(3 1)
01pct:(4 4)
02pct:(4 4)
05pct:(4 4)
10pct:(4 4)
20pct:(4 2)
40pct:(4 1)
80pct:(4 1)
01pct:(3 4)
02pct:(3 4)
05pct:(3 4)
10pct:(3 2)
20pct:(3 2)
40pct:(3 1)
80pct:(3 1)
01pct:(3 4)
02pct:(3 4)
05pct:(3 4)
10pct:(3 4)
20pct:(3 1)
40pct:(3 1)
80pct:(3 1)
01pct:(2 4)
02pct:(2 4)
05pct:(2 4)
10pct:(2 4)
20pct:(2 2)
40pct:(2 1)
80pct:(2 1)
01pct:(4 4)
02pct:(4 4)
05pct:(4 4)
10pct:(4 4)
20pct:(4 2)
40pct:(4 2)
80pct:(4 1)
01pct:(3 4)
02pct:(3 4)
05pct:(3 4)
10pct:(3 3)
20pct:(3 1)
40pct:(3 1)
80pct:(3 1)
01pct:(2 4)
02pct:(2 4)
05pct:(2 4)
10pct:(2 4)
20pct:(2 2)
40pct:(2 1)
80pct:(2 1)
01pct:(7 4)
02pct:(7 4)
05pct:(7 4)
10pct:(7 4)
20pct:(7 2)
40pct:(7 1)
80pct:(7 1)
01pct:(4 4)
02pct:(4 4)
05pct:(4 4)
10pct:(4 4)
20pct:(4 3)
40pct:(4 1)
80pct:(4 1)
01pct:(2 4)
02pct:(2 4)
05pct:(2 4)
10pct:(2 4)
20pct:(2 2)
40pct:(2 1)
80pct:(2 1)
01pct:(4 4)
02pct:(4 4)
05pct:(4 4)
10pct:(4 4)
20pct:(4 2)
40pct:(4 1)
80pct:(4 1)
01pct:(3 4)
02pct:(3 4)
05pct:(3 4)
10pct:(3 4)
20pct:(3 1)
40pct:(3 1)
80pct:(3 1)
01pct:(3 4)
02pct:(3 4)
05pct:(3 4)
10pct:(3 4)
20pct:(3 4)
40pct:(3 2)
80pct:(3 1)
01pct:(3 4)
02pct:(3 4)
05pct:(3 4)
10pct:(3 4)
20pct:(3 1)
40pct:(3 1)
80pct:(3 1)
01pct:(2 4)
02pct:(2 4)
05pct:(2 4)
10pct:(2 4)
20pct:(2 2)
40pct:(2 1)
80pct:(2 1)
01pct:(3 4)
02pct:(3 4)
05pct:(3 4)
10pct:(3 4)
20pct:(3 2)
40pct:(3 1)
80pct:(3 1)
01pct:(2 4)
02pct:(2 4)
05pct:(2 4)
10pct:(2 4)
20pct:(2 4)
40pct:(2 1)
80pct:(2 1)
01pct:(4 4)
02pct:(4 4)
05pct:(4 4)
10pct:(4 4)
20pct:(4 2)
40pct:(4 1)
80pct:(4 1)
01pct:(2 4)
02pct:(2 4)
05pct:(2 4)
10pct:(2 4)
20pct:(2 4)
40pct:(2 1)
80pct:(2 1)
01pct:(3 4)
02pct:(3 4)
05pct:(3 4)
10pct:(3 4)
20pct:(3 4)
40pct:(3 2)
80pct:(3 1)
01pct:(3 4)
02pct:(3 4)
05pct:(3 4)
10pct:(3 4)
20pct:(3 3)
40pct:(3 1)
80pct:(3 1)
01pct:(3 4)
02pct:(3 4)
05pct:(3 4)
10pct:(3 4)
20pct:(3 4)
40pct:(3 4)
80pct:(3 1)
01pct:(3 4)
02pct:(3 4)
05pct:(3 4)
10pct:(3 4)
20pct:(3 4)
40pct:(3 1)
80pct:(3 1)
01pct:(4 4)
02pct:(4 4)
05pct:(4 4)
10pct:(4 4)
20pct:(4 2)
40pct:(4 1)
80pct:(4 1)
01pct:(3 4)
02pct:(3 4)
05pct:(3 4)
10pct:(3 4)
20pct:(3 2)
40pct:(3 1)
80pct:(3 1)
01pct:(2 4)
02pct:(2 4)
05pct:(2 4)
10pct:(2 4)
20pct:(2 4)
40pct:(2 3)
80pct:(2 1)
01pct:(4 4)
02pct:(4 4)
05pct:(4 4)
10pct:(4 4)
20pct:(4 2)
40pct:(4 1)
80pct:(4 1)
01pct:(4 4)
02pct:(4 4)
05pct:(4 4)
10pct:(4 4)
20pct:(4 2)
40pct:(4 1)
80pct:(4 1)
01pct:(3 4)
02pct:(3 4)
05pct:(3 4)
10pct:(3 4)
20pct:(3 3)
40pct:(3 1)
80pct:(3 1)
01pct:(3 4)
02pct:(3 4)
05pct:(3 4)
10pct:(3 4)
20pct:(3 2)
40pct:(3 1)
80pct:(3 1)
01pct:(2 4)
02pct:(2 4)
05pct:(2 4)
10pct:(2 2)
20pct:(2 1)
40pct:(2 1)
80pct:(2 1)
01pct:(2 4)
02pct:(2 4)
05pct:(2 4)
10pct:(2 4)
20pct:(2 2)
40pct:(2 1)
80pct:(2 1)
01pct:(6 4)
02pct:(6 4)
05pct:(6 4)
10pct:(6 4)
20pct:(6 2)
40pct:(6 1)
80pct:(6 1)
01pct:(2 4)
02pct:(2 4)
05pct:(2 4)
10pct:(2 4)
20pct:(2 4)
40pct:(2 2)
80pct:(2 1)
01pct:(4 4)
02pct:(4 4)
05pct:(4 4)
10pct:(4 4)
20pct:(4 3)
40pct:(4 1)
80pct:(4 1)
01pct:(2 4)
02pct:(2 4)
05pct:(2 4)
10pct:(2 4)
20pct:(2 4)
40pct:(2 4)
80pct:(2 1)
01pct:(2 4)
02pct:(2 4)
05pct:(2 4)
10pct:(2 4)
20pct:(2 2)
40pct:(2 2)
80pct:(2 1)
01pct:(4 4)
02pct:(4 4)
05pct:(4 4)
10pct:(4 4)
20pct:(4 1)
40pct:(4 1)
80pct:(4 1)
01pct:(4 4)
02pct:(4 4)
05pct:(4 4)
10pct:(4 4)
20pct:(4 2)
40pct:(4 1)
80pct:(4 1)
01pct:(3 4)
02pct:(3 4)
05pct:(3 4)
10pct:(3 4)
20pct:(3 3)
40pct:(3 1)
80pct:(3 1)
01pct:(2 4)
02pct:(2 4)
05pct:(2 4)
10pct:(2 4)
20pct:(2 4)
40pct:(2 2)
80pct:(2 1)
01pct:(2 4)
02pct:(2 4)
05pct:(2 4)
10pct:(2 4)
20pct:(2 2)
40pct:(2 1)
80pct:(2 1)
01pct:(2 4)
02pct:(2 4)
05pct:(2 4)
10pct:(2 4)
20pct:(2 2)
40pct:(2 1)
80pct:(2 1)
01pct:(3 4)
02pct:(3 4)
05pct:(3 4)
10pct:(3 4)
20pct:(3 2)
40pct:(3 1)
80pct:(3 1)
01pct:(3 4)
02pct:(3 4)
05pct:(3 4)
10pct:(3 4)
20pct:(3 2)
40pct:(3 1)
80pct:(3 1)
01pct:(2 4)
02pct:(2 4)
05pct:(2 4)
10pct:(2 4)
20pct:(2 2)
40pct:(2 1)
80pct:(2 1)
01pct:(2 4)
02pct:(2 4)
05pct:(2 4)
10pct:(2 4)
20pct:(2 2)
40pct:(2 1)
80pct:(2 1)
01pct:(6 4)
02pct:(6 4)
05pct:(6 4)
10pct:(6 4)
20pct:(6 2)
40pct:(6 1)
80pct:(6 1)
01pct:(3 4)
02pct:(3 4)
05pct:(3 4)
10pct:(3 4)
20pct:(3 4)
40pct:(3 3)
80pct:(3 1)
01pct:(4 4)
02pct:(4 4)
05pct:(4 4)
10pct:(4 4)
20pct:(4 2)
40pct:(4 1)
80pct:(4 1)
01pct:(2 4)
02pct:(2 4)
05pct:(2 4)
10pct:(2 4)
20pct:(2 2)
40pct:(2 1)
80pct:(2 1)
01pct:(5 4)
02pct:(5 4)
05pct:(5 4)
10pct:(5 4)
20pct:(5 2)
40pct:(5 1)
80pct:(5 1)
01pct:(3 4)
02pct:(3 4)
05pct:(3 4)
10pct:(3 4)
20pct:(3 3)
40pct:(3 1)
80pct:(3 1)
01pct:(2 4)
02pct:(2 4)
05pct:(2 4)
10pct:(2 4)
20pct:(2 3)
40pct:(2 1)
80pct:(2 1)
01pct:(2 4)
02pct:(2 4)
05pct:(2 4)
10pct:(2 4)
20pct:(2 2)
40pct:(2 1)
80pct:(2 1)
01pct:(2 4)
02pct:(2 4)
05pct:(2 4)
10pct:(2 4)
20pct:(2 3)
40pct:(2 2)
80pct:(2 1)
01pct:(2 4)
02pct:(2 4)
05pct:(2 4)
10pct:(2 4)
20pct:(2 2)
40pct:(2 1)
80pct:(2 1)
01pct:(2 4)
02pct:(2 4)
05pct:(2 4)
10pct:(2 4)
20pct:(2 3)
40pct:(2 1)
80pct:(2 1)
01pct:(2 4)
02pct:(2 4)
05pct:(2 4)
10pct:(2 4)
20pct:(2 4)
40pct:(2 1)
80pct:(2 1)
01pct:(3 4)
02pct:(3 4)
05pct:(3 4)
10pct:(3 4)
20pct:(3 2)
40pct:(3 2)
80pct:(3 1)
01pct:(2 4)
02pct:(2 4)
05pct:(2 4)
10pct:(2 4)
20pct:(2 2)
40pct:(2 1)
80pct:(2 1)
01pct:(2 4)
02pct:(2 4)
05pct:(2 4)
10pct:(2 4)
20pct:(2 4)
40pct:(2 4)
80pct:(2 1)
01pct:(2 4)
02pct:(2 4)
05pct:(2 4)
10pct:(2 4)
20pct:(2 4)
40pct:(2 1)
80pct:(2 1)
01pct:(3 4)
02pct:(3 4)
05pct:(3 4)
10pct:(3 4)
20pct:(3 3)
40pct:(3 1)
80pct:(3 1)
01pct:(3 4)
02pct:(3 4)
05pct:(3 4)
10pct:(3 4)
20pct:(3 2)
40pct:(3 1)
80pct:(3 1)
01pct:(2 4)
02pct:(2 4)
05pct:(2 4)
10pct:(2 4)
20pct:(2 3)
40pct:(2 1)
80pct:(2 1)
01pct:(3 4)
02pct:(3 4)
05pct:(3 4)
10pct:(3 4)
20pct:(3 2)
40pct:(3 1)
80pct:(3 1)
01pct:(2 4)
02pct:(2 4)
05pct:(2 4)
10pct:(2 4)
20pct:(2 2)
40pct:(2 1)
80pct:(2 1)
01pct:(5 4)
02pct:(5 4)
05pct:(5 4)
10pct:(5 3)
20pct:(5 1)
40pct:(5 1)
80pct:(5 1)
01pct:(2 4)
02pct:(2 4)
05pct:(2 4)
10pct:(2 4)
20pct:(2 2)
40pct:(2 1)
80pct:(2 1)
01pct:(2 4)
02pct:(2 4)
05pct:(2 4)
10pct:(2 4)
20pct:(2 4)
40pct:(2 4)
80pct:(2 1)
01pct:(2 4)
02pct:(2 4)
05pct:(2 4)
10pct:(2 4)
20pct:(2 3)
40pct:(2 1)
80pct:(2 1)
01pct:(5 4)
02pct:(5 4)
05pct:(5 4)
10pct:(5 2)
20pct:(5 1)
40pct:(5 1)
80pct:(5 1)
01pct:(2 4)
02pct:(2 4)
05pct:(2 4)
10pct:(2 4)
20pct:(2 4)
40pct:(2 2)
80pct:(2 1)
01pct:(3 4)
02pct:(3 4)
05pct:(3 4)
10pct:(3 3)
20pct:(3 2)
40pct:(3 1)
80pct:(3 1)
01pct:(2 4)
02pct:(2 4)
05pct:(2 4)
10pct:(2 4)
20pct:(2 4)
40pct:(2 2)
80pct:(2 1)
01pct:(4 4)
02pct:(4 4)
05pct:(4 4)
10pct:(4 3)
20pct:(4 1)
40pct:(4 1)
80pct:(4 1)
01pct:(2 4)
02pct:(2 4)
05pct:(2 4)
10pct:(2 4)
20pct:(2 4)
40pct:(2 3)
80pct:(2 1)
01pct:(2 4)
02pct:(2 4)
05pct:(2 4)
10pct:(2 4)
20pct:(2 2)
40pct:(2 1)
80pct:(2 1)
01pct:(2 4)
02pct:(2 4)
05pct:(2 4)
10pct:(2 4)
20pct:(2 2)
40pct:(2 1)
80pct:(2 1)
01pct:(4 4)
02pct:(4 4)
05pct:(4 4)
10pct:(4 4)
20pct:(4 2)
40pct:(4 1)
80pct:(4 1)
01pct:(2 4)
02pct:(2 4)
05pct:(2 4)
10pct:(2 4)
20pct:(2 2)
40pct:(2 1)
80pct:(2 1)
01pct:(4 4)
02pct:(4 4)
05pct:(4 4)
10pct:(4 4)
20pct:(4 3)
40pct:(4 1)
80pct:(4 1)
01pct:(2 4)
02pct:(2 4)
05pct:(2 4)
10pct:(2 4)
20pct:(2 2)
40pct:(2 1)
80pct:(2 1)
01pct:(3 4)
02pct:(3 4)
05pct:(3 4)
10pct:(3 4)
20pct:(3 2)
40pct:(3 1)
80pct:(3 1)
01pct:(4 4)
02pct:(4 4)
05pct:(4 4)
10pct:(4 4)
20pct:(4 2)
40pct:(4 1)
80pct:(4 1)
01pct:(3 4)
02pct:(3 4)
05pct:(3 4)
10pct:(3 4)
20pct:(3 2)
40pct:(3 1)
80pct:(3 1)
01pct:(4 4)
02pct:(4 4)
05pct:(4 4)
10pct:(4 4)
20pct:(4 2)
40pct:(4 1)
80pct:(4 1)
01pct:(2 4)
02pct:(2 4)
05pct:(2 4)
10pct:(2 4)
20pct:(2 2)
40pct:(2 1)
80pct:(2 1)
01pct:(2 4)
02pct:(2 4)
05pct:(2 4)
10pct:(2 4)
20pct:(2 2)
40pct:(2 1)
80pct:(2 1)
01pct:(2 4)
02pct:(2 4)
05pct:(2 4)
10pct:(2 4)
20pct:(2 2)
40pct:(2 1)
80pct:(2 1)
... working coefficient histogram ... 
... working runtime histogram ... 
04.952 s:  +
04.972 s:+
04.991 s:+
05.11 s:+
05.31 s:   +
05.50 s:  +
05.70 s:+
05.90 s:+
05.110 s:+
05.129 s: +
05.149 s:+
05.169 s:+
05.188 s:+
05.208 s:+
05.228 s:+
05.248 s: +
05.267 s:+
05.287 s:+
05.307 s: +
05.326 s: +
05.346 s:+
05.366 s:+
05.385 s:+
05.405 s: +
05.425 s: +
05.445 s:+
05.464 s:  +
05.484 s: +
05.504 s:    +
05.523 s:  +
05.543 s: +
05.563 s: +
05.583 s:   +
05.602 s: +
05.622 s:   +
05.642 s:       +
05.661 s:     +
05.681 s:    +
05.701 s:      +
05.721 s:  +
05.740 s:  +
05.760 s:   +
05.780 s: +
05.799 s:+
05.819 s:   +
05.839 s:    +
05.859 s:         +
05.878 s:     +
05.898 s:      +
05.918 s:     +
05.937 s:     +
05.957 s:    +
05.977 s:        +
05.996 s:      +
06.16 s:        +
06.36 s:      +
06.56 s:  +
06.75 s:  +
06.95 s:   +
06.115 s:   +
06.134 s:    +
06.154 s:   +
06.174 s:      +
06.194 s:   +
