For now assuming 4 micron wavelength streading for a 13 fs temporal window
For now also assuming 100eV for the energy window regardless of sampling
.1eV = 100fs, 1eV = 10fs, (30nm width @ 800nm) 50meV = 33fs gives time-bandwidth product dE[eV]*dt[fs] = 1.620000
01pct:(2 4)
02pct:(2 4)
05pct:(2 4)
10pct:(2 4)
20pct:(2 4)
40pct:(2 2)
80pct:(2 1)
01pct:(5 4)
02pct:(5 4)
05pct:(5 4)
10pct:(5 3)
20pct:(5 1)
40pct:(5 1)
80pct:(5 1)
01pct:(4 4)
02pct:(4 4)
05pct:(4 4)
10pct:(4 2)
20pct:(4 1)
40pct:(4 1)
80pct:(4 1)
01pct:(3 4)
02pct:(3 4)
05pct:(3 4)
10pct:(3 4)
20pct:(3 2)
40pct:(3 1)
80pct:(3 1)
01pct:(3 4)
02pct:(3 4)
05pct:(3 4)
10pct:(3 4)
20pct:(3 3)
40pct:(3 1)
80pct:(3 1)
01pct:(2 4)
02pct:(2 4)
05pct:(2 4)
10pct:(2 4)
20pct:(2 2)
40pct:(2 1)
80pct:(2 1)
01pct:(4 4)
02pct:(4 4)
05pct:(4 4)
10pct:(4 4)
20pct:(4 2)
40pct:(4 1)
80pct:(4 1)
01pct:(2 4)
02pct:(2 4)
05pct:(2 4)
10pct:(2 4)
20pct:(2 4)
40pct:(2 2)
80pct:(2 1)
01pct:(2 4)
02pct:(2 4)
05pct:(2 4)
10pct:(2 4)
20pct:(2 2)
40pct:(2 1)
80pct:(2 1)
01pct:(2 4)
02pct:(2 4)
05pct:(2 4)
10pct:(2 4)
20pct:(2 4)
40pct:(2 2)
80pct:(2 1)
01pct:(5 4)
02pct:(5 4)
05pct:(5 4)
10pct:(5 4)
20pct:(5 2)
40pct:(5 1)
80pct:(5 1)
01pct:(2 4)
02pct:(2 4)
05pct:(2 4)
10pct:(2 4)
20pct:(2 2)
40pct:(2 1)
80pct:(2 1)
01pct:(2 4)
02pct:(2 4)
05pct:(2 4)
10pct:(2 4)
20pct:(2 4)
40pct:(2 2)
80pct:(2 1)
01pct:(2 4)
02pct:(2 4)
05pct:(2 4)
10pct:(2 4)
20pct:(2 4)
40pct:(2 2)
80pct:(2 2)
01pct:(4 4)
02pct:(4 4)
05pct:(4 4)
10pct:(4 4)
20pct:(4 2)
40pct:(4 1)
80pct:(4 1)
01pct:(2 4)
02pct:(2 4)
05pct:(2 4)
10pct:(2 4)
20pct:(2 2)
40pct:(2 1)
80pct:(2 1)
01pct:(2 4)
02pct:(2 4)
05pct:(2 4)
10pct:(2 4)
20pct:(2 1)
40pct:(2 1)
80pct:(2 1)
01pct:(4 4)
02pct:(4 4)
05pct:(4 4)
10pct:(4 4)
20pct:(4 2)
40pct:(4 1)
80pct:(4 1)
01pct:(2 4)
02pct:(2 4)
05pct:(2 4)
10pct:(2 4)
20pct:(2 2)
40pct:(2 1)
80pct:(2 1)
01pct:(2 4)
02pct:(2 4)
05pct:(2 4)
10pct:(2 4)
20pct:(2 2)
40pct:(2 1)
80pct:(2 1)
01pct:(3 4)
02pct:(3 4)
05pct:(3 4)
10pct:(3 4)
20pct:(3 4)
40pct:(3 2)
80pct:(3 1)
01pct:(2 4)
02pct:(2 4)
05pct:(2 4)
10pct:(2 4)
20pct:(2 2)
40pct:(2 1)
80pct:(2 1)
01pct:(3 4)
02pct:(3 4)
05pct:(3 4)
10pct:(3 4)
20pct:(3 3)
40pct:(3 1)
80pct:(3 1)
01pct:(5 4)
02pct:(5 4)
05pct:(5 4)
10pct:(5 2)
20pct:(5 1)
40pct:(5 1)
80pct:(5 1)
01pct:(2 4)
02pct:(2 4)
05pct:(2 4)
10pct:(2 4)
20pct:(2 3)
40pct:(2 1)
80pct:(2 1)
01pct:(6 4)
02pct:(6 4)
05pct:(6 4)
10pct:(6 4)
20pct:(6 2)
40pct:(6 1)
80pct:(6 1)
01pct:(3 4)
02pct:(3 4)
05pct:(3 4)
10pct:(3 4)
20pct:(3 3)
40pct:(3 2)
80pct:(3 1)
01pct:(2 4)
02pct:(2 4)
05pct:(2 4)
10pct:(2 4)
20pct:(2 2)
40pct:(2 1)
80pct:(2 1)
01pct:(2 4)
02pct:(2 4)
05pct:(2 4)
10pct:(2 4)
20pct:(2 4)
40pct:(2 1)
80pct:(2 1)
01pct:(2 4)
02pct:(2 4)
05pct:(2 4)
10pct:(2 4)
20pct:(2 3)
40pct:(2 1)
80pct:(2 1)
01pct:(2 4)
02pct:(2 4)
05pct:(2 4)
10pct:(2 4)
20pct:(2 2)
40pct:(2 1)
80pct:(2 1)
01pct:(4 4)
02pct:(4 4)
05pct:(4 4)
10pct:(4 3)
20pct:(4 2)
40pct:(4 1)
80pct:(4 1)
01pct:(2 4)
02pct:(2 4)
05pct:(2 4)
10pct:(2 4)
20pct:(2 4)
40pct:(2 2)
80pct:(2 1)
01pct:(2 4)
02pct:(2 4)
05pct:(2 4)
10pct:(2 4)
20pct:(2 4)
40pct:(2 2)
80pct:(2 1)
01pct:(4 4)
02pct:(4 4)
05pct:(4 4)
10pct:(4 4)
20pct:(4 1)
40pct:(4 1)
80pct:(4 1)
01pct:(2 4)
02pct:(2 4)
05pct:(2 4)
10pct:(2 4)
20pct:(2 2)
40pct:(2 1)
80pct:(2 1)
01pct:(4 4)
02pct:(4 4)
05pct:(4 4)
10pct:(4 4)
20pct:(4 2)
40pct:(4 1)
80pct:(4 1)
01pct:(3 4)
02pct:(3 4)
05pct:(3 4)
10pct:(3 4)
20pct:(3 2)
40pct:(3 1)
80pct:(3 1)
01pct:(4 4)
02pct:(4 4)
05pct:(4 4)
10pct:(4 4)
20pct:(4 3)
40pct:(4 1)
80pct:(4 1)
01pct:(3 4)
02pct:(3 4)
05pct:(3 4)
10pct:(3 4)
20pct:(3 2)
40pct:(3 1)
80pct:(3 1)
01pct:(4 4)
02pct:(4 4)
05pct:(4 4)
10pct:(4 2)
20pct:(4 1)
40pct:(4 1)
80pct:(4 1)
01pct:(4 4)
02pct:(4 4)
05pct:(4 4)
10pct:(4 4)
20pct:(4 2)
40pct:(4 1)
80pct:(4 1)
01pct:(2 4)
02pct:(2 4)
05pct:(2 4)
10pct:(2 4)
20pct:(2 3)
40pct:(2 1)
80pct:(2 1)
01pct:(3 4)
02pct:(3 4)
05pct:(3 4)
10pct:(3 4)
20pct:(3 1)
40pct:(3 1)
80pct:(3 1)
01pct:(3 4)
02pct:(3 4)
05pct:(3 4)
10pct:(3 4)
20pct:(3 3)
40pct:(3 1)
80pct:(3 1)
01pct:(3 4)
02pct:(3 4)
05pct:(3 4)
10pct:(3 4)
20pct:(3 2)
40pct:(3 1)
80pct:(3 1)
01pct:(3 4)
02pct:(3 4)
05pct:(3 4)
10pct:(3 4)
20pct:(3 3)
40pct:(3 2)
80pct:(3 1)
01pct:(2 4)
02pct:(2 4)
05pct:(2 4)
10pct:(2 3)
20pct:(2 2)
40pct:(2 1)
80pct:(2 1)
01pct:(4 4)
02pct:(4 4)
05pct:(4 4)
10pct:(4 2)
20pct:(4 1)
40pct:(4 1)
80pct:(4 1)
01pct:(2 4)
02pct:(2 4)
05pct:(2 4)
10pct:(2 4)
20pct:(2 4)
40pct:(2 1)
80pct:(2 1)
01pct:(4 4)
02pct:(4 4)
05pct:(4 4)
10pct:(4 4)
20pct:(4 2)
40pct:(4 1)
80pct:(4 1)
01pct:(4 4)
02pct:(4 4)
05pct:(4 4)
10pct:(4 4)
20pct:(4 3)
40pct:(4 1)
80pct:(4 1)
01pct:(3 4)
02pct:(3 4)
05pct:(3 4)
10pct:(3 4)
20pct:(3 2)
40pct:(3 2)
80pct:(3 1)
01pct:(3 4)
02pct:(3 4)
05pct:(3 4)
10pct:(3 4)
20pct:(3 3)
40pct:(3 1)
80pct:(3 1)
01pct:(3 4)
02pct:(3 4)
05pct:(3 4)
10pct:(3 3)
20pct:(3 2)
40pct:(3 1)
80pct:(3 1)
01pct:(3 4)
02pct:(3 4)
05pct:(3 4)
10pct:(3 4)
20pct:(3 3)
40pct:(3 1)
80pct:(3 1)
01pct:(2 4)
02pct:(2 4)
05pct:(2 4)
10pct:(2 4)
20pct:(2 4)
40pct:(2 1)
80pct:(2 1)
01pct:(3 4)
02pct:(3 4)
05pct:(3 4)
10pct:(3 4)
20pct:(3 2)
40pct:(3 1)
80pct:(3 1)
01pct:(7 4)
02pct:(7 4)
05pct:(7 4)
10pct:(7 2)
20pct:(7 2)
40pct:(7 1)
80pct:(7 1)
01pct:(2 4)
02pct:(2 4)
05pct:(2 4)
10pct:(2 4)
20pct:(2 2)
40pct:(2 1)
80pct:(2 1)
01pct:(2 4)
02pct:(2 4)
05pct:(2 4)
10pct:(2 4)
20pct:(2 2)
40pct:(2 1)
80pct:(2 1)
01pct:(4 4)
02pct:(4 4)
05pct:(4 4)
10pct:(4 2)
20pct:(4 1)
40pct:(4 1)
80pct:(4 1)
01pct:(5 4)
02pct:(5 4)
05pct:(5 4)
10pct:(5 4)
20pct:(5 2)
40pct:(5 1)
80pct:(5 1)
01pct:(2 4)
02pct:(2 4)
05pct:(2 4)
10pct:(2 4)
20pct:(2 2)
40pct:(2 1)
80pct:(2 1)
01pct:(2 4)
02pct:(2 4)
05pct:(2 4)
10pct:(2 4)
20pct:(2 2)
40pct:(2 2)
80pct:(2 1)
01pct:(2 4)
02pct:(2 4)
05pct:(2 4)
10pct:(2 4)
20pct:(2 2)
40pct:(2 1)
80pct:(2 1)
01pct:(3 4)
02pct:(3 4)
05pct:(3 4)
10pct:(3 4)
20pct:(3 1)
40pct:(3 1)
80pct:(3 1)
01pct:(2 4)
02pct:(2 4)
05pct:(2 4)
10pct:(2 4)
20pct:(2 2)
40pct:(2 1)
80pct:(2 1)
01pct:(2 4)
02pct:(2 4)
05pct:(2 4)
10pct:(2 4)
20pct:(2 3)
40pct:(2 2)
80pct:(2 1)
01pct:(8 4)
02pct:(8 4)
05pct:(8 4)
10pct:(8 3)
20pct:(8 1)
40pct:(8 1)
80pct:(8 1)
01pct:(2 4)
02pct:(2 4)
05pct:(2 4)
10pct:(2 4)
20pct:(2 4)
40pct:(2 2)
80pct:(2 1)
01pct:(2 4)
02pct:(2 4)
05pct:(2 4)
10pct:(2 4)
20pct:(2 2)
40pct:(2 1)
80pct:(2 1)
01pct:(2 4)
02pct:(2 4)
05pct:(2 4)
10pct:(2 4)
20pct:(2 2)
40pct:(2 1)
80pct:(2 1)
01pct:(3 4)
02pct:(3 4)
05pct:(3 4)
10pct:(3 4)
20pct:(3 3)
40pct:(3 1)
80pct:(3 1)
01pct:(2 4)
02pct:(2 4)
05pct:(2 4)
10pct:(2 4)
20pct:(2 3)
40pct:(2 2)
80pct:(2 1)
01pct:(2 4)
02pct:(2 4)
05pct:(2 4)
10pct:(2 4)
20pct:(2 2)
40pct:(2 2)
80pct:(2 1)
01pct:(2 4)
02pct:(2 4)
05pct:(2 4)
10pct:(2 4)
20pct:(2 4)
40pct:(2 2)
80pct:(2 1)
01pct:(4 4)
02pct:(4 4)
05pct:(4 4)
10pct:(4 3)
20pct:(4 2)
40pct:(4 1)
80pct:(4 1)
01pct:(2 4)
02pct:(2 4)
05pct:(2 4)
10pct:(2 4)
20pct:(2 2)
40pct:(2 1)
80pct:(2 1)
01pct:(3 4)
02pct:(3 4)
05pct:(3 4)
10pct:(3 3)
20pct:(3 2)
40pct:(3 1)
80pct:(3 1)
01pct:(3 4)
02pct:(3 4)
05pct:(3 4)
10pct:(3 4)
20pct:(3 3)
40pct:(3 2)
80pct:(3 1)
01pct:(2 4)
02pct:(2 4)
05pct:(2 4)
10pct:(2 4)
20pct:(2 2)
40pct:(2 1)
80pct:(2 1)
01pct:(2 4)
02pct:(2 4)
05pct:(2 4)
10pct:(2 4)
20pct:(2 2)
40pct:(2 1)
80pct:(2 1)
01pct:(3 4)
02pct:(3 4)
05pct:(3 4)
10pct:(3 4)
20pct:(3 1)
40pct:(3 1)
80pct:(3 1)
01pct:(2 4)
02pct:(2 4)
05pct:(2 4)
10pct:(2 4)
20pct:(2 2)
40pct:(2 1)
80pct:(2 1)
01pct:(2 4)
02pct:(2 4)
05pct:(2 4)
10pct:(2 4)
20pct:(2 4)
40pct:(2 2)
80pct:(2 1)
01pct:(2 4)
02pct:(2 4)
05pct:(2 4)
10pct:(2 4)
20pct:(2 2)
40pct:(2 1)
80pct:(2 1)
01pct:(3 4)
02pct:(3 4)
05pct:(3 4)
10pct:(3 4)
20pct:(3 4)
40pct:(3 3)
80pct:(3 2)
01pct:(4 4)
02pct:(4 4)
05pct:(4 4)
10pct:(4 4)
20pct:(4 3)
40pct:(4 1)
80pct:(4 1)
01pct:(3 4)
02pct:(3 4)
05pct:(3 4)
10pct:(3 4)
20pct:(3 1)
40pct:(3 1)
80pct:(3 1)
01pct:(5 4)
02pct:(5 4)
05pct:(5 4)
10pct:(5 2)
20pct:(5 1)
40pct:(5 1)
80pct:(5 1)
01pct:(4 4)
02pct:(4 4)
05pct:(4 4)
10pct:(4 4)
20pct:(4 2)
40pct:(4 2)
80pct:(4 1)
01pct:(2 4)
02pct:(2 4)
05pct:(2 4)
10pct:(2 4)
20pct:(2 3)
40pct:(2 1)
80pct:(2 1)
01pct:(2 4)
02pct:(2 4)
05pct:(2 4)
10pct:(2 4)
20pct:(2 2)
40pct:(2 1)
80pct:(2 1)
01pct:(3 4)
02pct:(3 4)
05pct:(3 4)
10pct:(3 4)
20pct:(3 3)
40pct:(3 1)
80pct:(3 1)
01pct:(3 4)
02pct:(3 4)
05pct:(3 4)
10pct:(3 4)
20pct:(3 2)
40pct:(3 1)
80pct:(3 1)
01pct:(3 4)
02pct:(3 4)
05pct:(3 4)
10pct:(3 4)
20pct:(3 4)
40pct:(3 2)
80pct:(3 1)
01pct:(3 4)
02pct:(3 4)
05pct:(3 4)
10pct:(3 4)
20pct:(3 2)
40pct:(3 1)
80pct:(3 1)
01pct:(4 4)
02pct:(4 4)
05pct:(4 4)
10pct:(4 3)
20pct:(4 2)
40pct:(4 1)
80pct:(4 1)
01pct:(3 4)
02pct:(3 4)
05pct:(3 4)
10pct:(3 4)
20pct:(3 4)
40pct:(3 2)
80pct:(3 1)
01pct:(3 4)
02pct:(3 4)
05pct:(3 4)
10pct:(3 4)
20pct:(3 2)
40pct:(3 1)
80pct:(3 1)
01pct:(2 4)
02pct:(2 4)
05pct:(2 4)
10pct:(2 4)
20pct:(2 4)
40pct:(2 2)
80pct:(2 1)
01pct:(2 4)
02pct:(2 4)
05pct:(2 4)
10pct:(2 4)
20pct:(2 3)
40pct:(2 2)
80pct:(2 1)
01pct:(3 4)
02pct:(3 4)
05pct:(3 4)
10pct:(3 4)
20pct:(3 3)
40pct:(3 1)
80pct:(3 1)
01pct:(4 4)
02pct:(4 4)
05pct:(4 4)
10pct:(4 4)
20pct:(4 2)
40pct:(4 1)
80pct:(4 1)
01pct:(3 4)
02pct:(3 4)
05pct:(3 4)
10pct:(3 4)
20pct:(3 2)
40pct:(3 2)
80pct:(3 1)
01pct:(2 4)
02pct:(2 4)
05pct:(2 4)
10pct:(2 4)
20pct:(2 4)
40pct:(2 1)
80pct:(2 1)
01pct:(2 4)
02pct:(2 4)
05pct:(2 4)
10pct:(2 4)
20pct:(2 4)
40pct:(2 1)
80pct:(2 1)
01pct:(3 4)
02pct:(3 4)
05pct:(3 4)
10pct:(3 3)
20pct:(3 2)
40pct:(3 1)
80pct:(3 1)
01pct:(3 4)
02pct:(3 4)
05pct:(3 4)
10pct:(3 4)
20pct:(3 2)
40pct:(3 1)
80pct:(3 1)
01pct:(2 4)
02pct:(2 4)
05pct:(2 4)
10pct:(2 4)
20pct:(2 3)
40pct:(2 1)
80pct:(2 1)
01pct:(2 4)
02pct:(2 4)
05pct:(2 4)
10pct:(2 4)
20pct:(2 2)
40pct:(2 2)
80pct:(2 1)
01pct:(2 4)
02pct:(2 4)
05pct:(2 4)
10pct:(2 4)
20pct:(2 4)
40pct:(2 2)
80pct:(2 1)
01pct:(2 4)
02pct:(2 4)
05pct:(2 4)
10pct:(2 4)
20pct:(2 4)
40pct:(2 3)
80pct:(2 1)
01pct:(4 4)
02pct:(4 4)
05pct:(4 4)
10pct:(4 4)
20pct:(4 3)
40pct:(4 1)
80pct:(4 1)
01pct:(3 4)
02pct:(3 4)
05pct:(3 4)
10pct:(3 4)
20pct:(3 2)
40pct:(3 1)
80pct:(3 1)
01pct:(3 4)
02pct:(3 4)
05pct:(3 4)
10pct:(3 4)
20pct:(3 2)
40pct:(3 1)
80pct:(3 1)
01pct:(3 4)
02pct:(3 4)
05pct:(3 4)
10pct:(3 4)
20pct:(3 3)
40pct:(3 1)
80pct:(3 1)
01pct:(2 4)
02pct:(2 4)
05pct:(2 4)
10pct:(2 4)
20pct:(2 4)
40pct:(2 2)
80pct:(2 1)
01pct:(6 4)
02pct:(6 4)
05pct:(6 4)
10pct:(6 4)
20pct:(6 2)
40pct:(6 1)
80pct:(6 1)
01pct:(2 4)
02pct:(2 4)
05pct:(2 4)
10pct:(2 4)
20pct:(2 2)
40pct:(2 1)
80pct:(2 1)
01pct:(2 4)
02pct:(2 4)
05pct:(2 4)
10pct:(2 4)
20pct:(2 2)
40pct:(2 1)
80pct:(2 1)
01pct:(3 4)
02pct:(3 4)
05pct:(3 4)
10pct:(3 3)
20pct:(3 2)
40pct:(3 1)
80pct:(3 1)
01pct:(2 4)
02pct:(2 4)
05pct:(2 4)
10pct:(2 4)
20pct:(2 2)
40pct:(2 1)
80pct:(2 1)
01pct:(3 4)
02pct:(3 4)
05pct:(3 4)
10pct:(3 4)
20pct:(3 4)
40pct:(3 3)
80pct:(3 1)
01pct:(2 4)
02pct:(2 4)
05pct:(2 4)
10pct:(2 4)
20pct:(2 4)
40pct:(2 2)
80pct:(2 1)
01pct:(2 4)
02pct:(2 4)
05pct:(2 4)
10pct:(2 4)
20pct:(2 4)
40pct:(2 1)
80pct:(2 1)
01pct:(6 4)
02pct:(6 4)
05pct:(6 4)
10pct:(6 3)
20pct:(6 2)
40pct:(6 1)
80pct:(6 1)
01pct:(4 4)
02pct:(4 4)
05pct:(4 4)
10pct:(4 4)
20pct:(4 2)
40pct:(4 1)
80pct:(4 1)
01pct:(2 4)
02pct:(2 4)
05pct:(2 4)
10pct:(2 2)
20pct:(2 1)
40pct:(2 1)
80pct:(2 1)
01pct:(2 4)
02pct:(2 4)
05pct:(2 4)
10pct:(2 4)
20pct:(2 4)
40pct:(2 4)
80pct:(2 1)
01pct:(6 4)
02pct:(6 4)
05pct:(6 4)
10pct:(6 4)
20pct:(6 2)
40pct:(6 1)
80pct:(6 1)
01pct:(2 4)
02pct:(2 4)
05pct:(2 4)
10pct:(2 4)
20pct:(2 4)
40pct:(2 3)
80pct:(2 1)
01pct:(2 4)
02pct:(2 4)
05pct:(2 4)
10pct:(2 4)
20pct:(2 3)
40pct:(2 1)
80pct:(2 1)
01pct:(2 4)
02pct:(2 4)
05pct:(2 4)
10pct:(2 4)
20pct:(2 3)
40pct:(2 1)
80pct:(2 1)
01pct:(2 4)
02pct:(2 4)
05pct:(2 4)
10pct:(2 4)
20pct:(2 2)
40pct:(2 1)
80pct:(2 1)
01pct:(2 4)
02pct:(2 4)
05pct:(2 4)
10pct:(2 4)
20pct:(2 4)
40pct:(2 3)
80pct:(2 1)
01pct:(2 4)
02pct:(2 4)
05pct:(2 4)
10pct:(2 4)
20pct:(2 4)
40pct:(2 3)
80pct:(2 1)
01pct:(2 4)
02pct:(2 4)
05pct:(2 4)
10pct:(2 4)
20pct:(2 2)
40pct:(2 1)
80pct:(2 1)
01pct:(2 4)
02pct:(2 4)
05pct:(2 4)
10pct:(2 4)
20pct:(2 3)
40pct:(2 1)
80pct:(2 1)
01pct:(2 4)
02pct:(2 4)
05pct:(2 4)
10pct:(2 4)
20pct:(2 4)
40pct:(2 2)
80pct:(2 2)
01pct:(3 4)
02pct:(3 4)
05pct:(3 4)
10pct:(3 4)
20pct:(3 2)
40pct:(3 1)
80pct:(3 1)
01pct:(4 4)
02pct:(4 4)
05pct:(4 4)
10pct:(4 4)
20pct:(4 3)
40pct:(4 1)
80pct:(4 1)
01pct:(2 4)
02pct:(2 4)
05pct:(2 4)
10pct:(2 4)
20pct:(2 4)
40pct:(2 2)
80pct:(2 1)
01pct:(3 4)
02pct:(3 4)
05pct:(3 4)
10pct:(3 4)
20pct:(3 2)
40pct:(3 1)
80pct:(3 1)
01pct:(2 4)
02pct:(2 4)
05pct:(2 4)
10pct:(2 4)
20pct:(2 4)
40pct:(2 1)
80pct:(2 1)
01pct:(4 4)
02pct:(4 4)
05pct:(4 4)
10pct:(4 2)
20pct:(4 1)
40pct:(4 1)
80pct:(4 1)
01pct:(3 4)
02pct:(3 4)
05pct:(3 4)
10pct:(3 4)
20pct:(3 3)
40pct:(3 1)
80pct:(3 1)
01pct:(3 4)
02pct:(3 4)
05pct:(3 4)
10pct:(3 4)
20pct:(3 4)
40pct:(3 1)
80pct:(3 1)
01pct:(2 4)
02pct:(2 4)
05pct:(2 4)
10pct:(2 4)
20pct:(2 2)
40pct:(2 1)
80pct:(2 1)
01pct:(3 4)
02pct:(3 4)
05pct:(3 4)
10pct:(3 4)
20pct:(3 4)
40pct:(3 4)
80pct:(3 1)
01pct:(3 4)
02pct:(3 4)
05pct:(3 4)
10pct:(3 4)
20pct:(3 2)
40pct:(3 1)
80pct:(3 1)
01pct:(4 4)
02pct:(4 4)
05pct:(4 4)
10pct:(4 4)
20pct:(4 2)
40pct:(4 1)
80pct:(4 1)
01pct:(3 4)
02pct:(3 4)
05pct:(3 4)
10pct:(3 4)
20pct:(3 3)
40pct:(3 1)
80pct:(3 1)
01pct:(7 4)
02pct:(7 4)
05pct:(7 4)
10pct:(7 2)
20pct:(7 1)
40pct:(7 1)
80pct:(7 1)
01pct:(2 4)
02pct:(2 4)
05pct:(2 4)
10pct:(2 4)
20pct:(2 4)
40pct:(2 1)
80pct:(2 1)
01pct:(4 4)
02pct:(4 4)
05pct:(4 4)
10pct:(4 4)
20pct:(4 3)
40pct:(4 1)
80pct:(4 1)
01pct:(2 4)
02pct:(2 4)
05pct:(2 4)
10pct:(2 2)
20pct:(2 1)
40pct:(2 1)
80pct:(2 1)
01pct:(3 4)
02pct:(3 4)
05pct:(3 4)
10pct:(3 3)
20pct:(3 2)
40pct:(3 1)
80pct:(3 1)
01pct:(3 4)
02pct:(3 4)
05pct:(3 4)
10pct:(3 4)
20pct:(3 3)
40pct:(3 1)
80pct:(3 1)
01pct:(2 4)
02pct:(2 4)
05pct:(2 4)
10pct:(2 4)
20pct:(2 2)
40pct:(2 1)
80pct:(2 1)
01pct:(3 4)
02pct:(3 4)
05pct:(3 4)
10pct:(3 4)
20pct:(3 2)
40pct:(3 1)
80pct:(3 1)
01pct:(5 4)
02pct:(5 4)
05pct:(5 4)
10pct:(5 2)
20pct:(5 2)
40pct:(5 1)
80pct:(5 1)
01pct:(3 4)
02pct:(3 4)
05pct:(3 4)
10pct:(3 4)
20pct:(3 2)
40pct:(3 2)
80pct:(3 1)
01pct:(2 4)
02pct:(2 4)
05pct:(2 4)
10pct:(2 4)
20pct:(2 3)
40pct:(2 2)
80pct:(2 1)
01pct:(2 4)
02pct:(2 4)
05pct:(2 4)
10pct:(2 4)
20pct:(2 2)
40pct:(2 1)
80pct:(2 1)
01pct:(4 4)
02pct:(4 4)
05pct:(4 4)
10pct:(4 4)
20pct:(4 2)
40pct:(4 1)
80pct:(4 1)
01pct:(2 4)
02pct:(2 4)
05pct:(2 4)
10pct:(2 4)
20pct:(2 4)
40pct:(2 2)
80pct:(2 1)
01pct:(2 4)
02pct:(2 4)
05pct:(2 4)
10pct:(2 4)
20pct:(2 2)
40pct:(2 2)
80pct:(2 1)
01pct:(2 4)
02pct:(2 4)
05pct:(2 4)
10pct:(2 4)
20pct:(2 3)
40pct:(2 1)
80pct:(2 1)
... working coefficient histogram ... 
... working runtime histogram ... 
04.805 s:      +
04.828 s:   +
04.850 s:     +
04.873 s:+
04.895 s:+
04.918 s: +
04.941 s:+
04.963 s:+
04.986 s:+
05.8 s:+
05.31 s:   +
05.54 s: +
05.76 s:+
05.99 s: +
05.121 s:  +
05.144 s:+
05.167 s: +
05.189 s:+
05.212 s:+
05.234 s:  +
05.257 s: +
05.280 s:+
05.302 s:+
05.325 s:+
05.347 s: +
05.370 s:+
05.393 s:+
05.415 s:+
05.438 s:+
05.460 s:  +
05.483 s:   +
05.506 s:   +
05.528 s: +
05.551 s:  +
05.573 s:   +
05.596 s: +
05.619 s:    +
05.641 s:    +
05.664 s:    +
05.686 s:    +
05.709 s:    +
05.731 s: +
05.754 s:      +
05.777 s:  +
05.799 s:   +
05.822 s:    +
05.844 s:       +
05.867 s:   +
05.890 s:     +
05.912 s:           +
05.935 s:       +
05.957 s:           +
05.980 s:        +
06.3 s:    +
06.25 s:           +
06.48 s:        +
06.70 s:   +
06.93 s:   +
06.116 s:  +
06.138 s:  +
06.161 s:  +
06.183 s:    +
06.206 s:+
06.229 s: +
