For now assuming 4 micron wavelength streading for a 13 fs temporal window
For now also assuming 100eV for the energy window regardless of sampling
.1eV = 100fs, 1eV = 10fs, (30nm width @ 800nm) 50meV = 33fs gives time-bandwidth product dE[eV]*dt[fs] = 1.620000
01pct:(3 4)
02pct:(3 4)
05pct:(3 4)
10pct:(3 4)
20pct:(3 2)
40pct:(3 1)
80pct:(3 1)
01pct:(2 4)
02pct:(2 4)
05pct:(2 4)
10pct:(2 4)
20pct:(2 4)
40pct:(2 1)
80pct:(2 1)
01pct:(2 4)
02pct:(2 4)
05pct:(2 4)
10pct:(2 4)
20pct:(2 4)
40pct:(2 2)
80pct:(2 1)
01pct:(3 4)
02pct:(3 4)
05pct:(3 4)
10pct:(3 4)
20pct:(3 2)
40pct:(3 1)
80pct:(3 1)
01pct:(3 4)
02pct:(3 4)
05pct:(3 4)
10pct:(3 4)
20pct:(3 4)
40pct:(3 2)
80pct:(3 1)
01pct:(3 4)
02pct:(3 4)
05pct:(3 4)
10pct:(3 4)
20pct:(3 2)
40pct:(3 2)
80pct:(3 1)
01pct:(4 4)
02pct:(4 4)
05pct:(4 4)
10pct:(4 4)
20pct:(4 2)
40pct:(4 1)
80pct:(4 1)
01pct:(2 4)
02pct:(2 4)
05pct:(2 4)
10pct:(2 4)
20pct:(2 3)
40pct:(2 1)
80pct:(2 1)
01pct:(2 4)
02pct:(2 4)
05pct:(2 4)
10pct:(2 3)
20pct:(2 2)
40pct:(2 1)
80pct:(2 1)
01pct:(6 4)
02pct:(6 4)
05pct:(6 4)
10pct:(6 4)
20pct:(6 2)
40pct:(6 1)
80pct:(6 1)
01pct:(2 4)
02pct:(2 4)
05pct:(2 4)
10pct:(2 4)
20pct:(2 2)
40pct:(2 1)
80pct:(2 1)
01pct:(5 4)
02pct:(5 4)
05pct:(5 4)
10pct:(5 4)
20pct:(5 2)
40pct:(5 1)
80pct:(5 1)
01pct:(4 4)
02pct:(4 4)
05pct:(4 4)
10pct:(4 4)
20pct:(4 2)
40pct:(4 1)
80pct:(4 1)
01pct:(2 4)
02pct:(2 4)
05pct:(2 4)
10pct:(2 4)
20pct:(2 2)
40pct:(2 1)
80pct:(2 1)
01pct:(3 4)
02pct:(3 4)
05pct:(3 4)
10pct:(3 4)
20pct:(3 4)
40pct:(3 2)
80pct:(3 1)
01pct:(4 4)
02pct:(4 4)
05pct:(4 4)
10pct:(4 2)
20pct:(4 2)
40pct:(4 1)
80pct:(4 1)
01pct:(2 4)
02pct:(2 4)
05pct:(2 4)
10pct:(2 4)
20pct:(2 3)
40pct:(2 2)
80pct:(2 1)
01pct:(3 4)
02pct:(3 4)
05pct:(3 4)
10pct:(3 4)
20pct:(3 3)
40pct:(3 1)
80pct:(3 1)
01pct:(3 4)
02pct:(3 4)
05pct:(3 4)
10pct:(3 4)
20pct:(3 2)
40pct:(3 1)
80pct:(3 1)
01pct:(3 4)
02pct:(3 4)
05pct:(3 4)
10pct:(3 4)
20pct:(3 2)
40pct:(3 1)
80pct:(3 1)
01pct:(2 4)
02pct:(2 4)
05pct:(2 4)
10pct:(2 4)
20pct:(2 2)
40pct:(2 1)
80pct:(2 1)
01pct:(2 4)
02pct:(2 4)
05pct:(2 4)
10pct:(2 4)
20pct:(2 3)
40pct:(2 2)
80pct:(2 1)
01pct:(2 4)
02pct:(2 4)
05pct:(2 4)
10pct:(2 4)
20pct:(2 4)
40pct:(2 1)
80pct:(2 1)
01pct:(3 4)
02pct:(3 4)
05pct:(3 4)
10pct:(3 4)
20pct:(3 4)
40pct:(3 3)
80pct:(3 1)
01pct:(3 4)
02pct:(3 4)
05pct:(3 4)
10pct:(3 2)
20pct:(3 2)
40pct:(3 1)
80pct:(3 1)
01pct:(4 4)
02pct:(4 4)
05pct:(4 4)
10pct:(4 4)
20pct:(4 3)
40pct:(4 1)
80pct:(4 1)
01pct:(4 4)
02pct:(4 4)
05pct:(4 4)
10pct:(4 4)
20pct:(4 2)
40pct:(4 1)
80pct:(4 1)
01pct:(3 4)
02pct:(3 4)
05pct:(3 4)
10pct:(3 4)
20pct:(3 4)
40pct:(3 2)
80pct:(3 1)
01pct:(2 4)
02pct:(2 4)
05pct:(2 4)
10pct:(2 4)
20pct:(2 2)
40pct:(2 1)
80pct:(2 1)
01pct:(3 4)
02pct:(3 4)
05pct:(3 4)
10pct:(3 4)
20pct:(3 2)
40pct:(3 1)
80pct:(3 1)
01pct:(3 4)
02pct:(3 4)
05pct:(3 4)
10pct:(3 4)
20pct:(3 3)
40pct:(3 1)
80pct:(3 1)
01pct:(3 4)
02pct:(3 4)
05pct:(3 4)
10pct:(3 4)
20pct:(3 1)
40pct:(3 1)
80pct:(3 1)
01pct:(2 4)
02pct:(2 4)
05pct:(2 4)
10pct:(2 4)
20pct:(2 2)
40pct:(2 1)
80pct:(2 1)
01pct:(2 4)
02pct:(2 4)
05pct:(2 4)
10pct:(2 4)
20pct:(2 4)
40pct:(2 3)
80pct:(2 2)
01pct:(2 4)
02pct:(2 4)
05pct:(2 4)
10pct:(2 4)
20pct:(2 2)
40pct:(2 1)
80pct:(2 1)
01pct:(2 4)
02pct:(2 4)
05pct:(2 4)
10pct:(2 4)
20pct:(2 2)
40pct:(2 1)
80pct:(2 1)
01pct:(5 4)
02pct:(5 4)
05pct:(5 4)
10pct:(5 3)
20pct:(5 2)
40pct:(5 1)
80pct:(5 1)
01pct:(4 4)
02pct:(4 4)
05pct:(4 4)
10pct:(4 4)
20pct:(4 3)
40pct:(4 1)
80pct:(4 1)
01pct:(4 4)
02pct:(4 4)
05pct:(4 4)
10pct:(4 4)
20pct:(4 2)
40pct:(4 1)
80pct:(4 1)
01pct:(5 4)
02pct:(5 4)
05pct:(5 4)
10pct:(5 2)
20pct:(5 1)
40pct:(5 1)
80pct:(5 1)
01pct:(3 4)
02pct:(3 4)
05pct:(3 4)
10pct:(3 4)
20pct:(3 2)
40pct:(3 1)
80pct:(3 1)
01pct:(4 4)
02pct:(4 4)
05pct:(4 4)
10pct:(4 4)
20pct:(4 2)
40pct:(4 1)
80pct:(4 1)
01pct:(3 4)
02pct:(3 4)
05pct:(3 4)
10pct:(3 4)
20pct:(3 3)
40pct:(3 1)
80pct:(3 1)
01pct:(3 4)
02pct:(3 4)
05pct:(3 4)
10pct:(3 3)
20pct:(3 2)
40pct:(3 1)
80pct:(3 1)
01pct:(3 4)
02pct:(3 4)
05pct:(3 4)
10pct:(3 3)
20pct:(3 2)
40pct:(3 1)
80pct:(3 1)
01pct:(2 4)
02pct:(2 4)
05pct:(2 4)
10pct:(2 4)
20pct:(2 2)
40pct:(2 1)
80pct:(2 1)
01pct:(2 4)
02pct:(2 4)
05pct:(2 4)
10pct:(2 4)
20pct:(2 4)
40pct:(2 2)
80pct:(2 1)
01pct:(2 4)
02pct:(2 4)
05pct:(2 4)
10pct:(2 4)
20pct:(2 4)
40pct:(2 2)
80pct:(2 2)
01pct:(2 4)
02pct:(2 4)
05pct:(2 4)
10pct:(2 4)
20pct:(2 2)
40pct:(2 1)
80pct:(2 1)
01pct:(2 4)
02pct:(2 4)
05pct:(2 4)
10pct:(2 4)
20pct:(2 4)
40pct:(2 2)
80pct:(2 1)
01pct:(3 4)
02pct:(3 4)
05pct:(3 4)
10pct:(3 4)
20pct:(3 2)
40pct:(3 1)
80pct:(3 1)
01pct:(3 4)
02pct:(3 4)
05pct:(3 4)
10pct:(3 4)
20pct:(3 3)
40pct:(3 1)
80pct:(3 1)
01pct:(2 4)
02pct:(2 4)
05pct:(2 4)
10pct:(2 4)
20pct:(2 4)
40pct:(2 2)
80pct:(2 1)
01pct:(2 4)
02pct:(2 4)
05pct:(2 4)
10pct:(2 4)
20pct:(2 4)
40pct:(2 1)
80pct:(2 1)
01pct:(5 4)
02pct:(5 4)
05pct:(5 4)
10pct:(5 4)
20pct:(5 3)
40pct:(5 1)
80pct:(5 1)
01pct:(2 4)
02pct:(2 4)
05pct:(2 4)
10pct:(2 4)
20pct:(2 2)
40pct:(2 1)
80pct:(2 1)
01pct:(3 4)
02pct:(3 4)
05pct:(3 4)
10pct:(3 4)
20pct:(3 2)
40pct:(3 1)
80pct:(3 1)
01pct:(2 4)
02pct:(2 4)
05pct:(2 4)
10pct:(2 3)
20pct:(2 2)
40pct:(2 1)
80pct:(2 1)
01pct:(3 4)
02pct:(3 4)
05pct:(3 4)
10pct:(3 2)
20pct:(3 2)
40pct:(3 1)
80pct:(3 1)
01pct:(3 4)
02pct:(3 4)
05pct:(3 4)
10pct:(3 4)
20pct:(3 2)
40pct:(3 1)
80pct:(3 1)
01pct:(3 4)
02pct:(3 4)
05pct:(3 4)
10pct:(3 4)
20pct:(3 3)
40pct:(3 1)
80pct:(3 1)
01pct:(3 4)
02pct:(3 4)
05pct:(3 4)
10pct:(3 4)
20pct:(3 3)
40pct:(3 2)
80pct:(3 1)
01pct:(2 4)
02pct:(2 4)
05pct:(2 4)
10pct:(2 4)
20pct:(2 4)
40pct:(2 2)
80pct:(2 1)
01pct:(2 4)
02pct:(2 4)
05pct:(2 4)
10pct:(2 4)
20pct:(2 2)
40pct:(2 1)
80pct:(2 1)
01pct:(3 4)
02pct:(3 4)
05pct:(3 4)
10pct:(3 4)
20pct:(3 2)
40pct:(3 1)
80pct:(3 1)
01pct:(2 4)
02pct:(2 4)
05pct:(2 4)
10pct:(2 4)
20pct:(2 4)
40pct:(2 2)
80pct:(2 1)
01pct:(3 4)
02pct:(3 4)
05pct:(3 4)
10pct:(3 4)
20pct:(3 2)
40pct:(3 1)
80pct:(3 1)
01pct:(2 4)
02pct:(2 4)
05pct:(2 4)
10pct:(2 4)
20pct:(2 4)
40pct:(2 1)
80pct:(2 1)
01pct:(3 4)
02pct:(3 4)
05pct:(3 4)
10pct:(3 4)
20pct:(3 4)
40pct:(3 3)
80pct:(3 1)
01pct:(2 4)
02pct:(2 4)
05pct:(2 4)
10pct:(2 4)
20pct:(2 4)
40pct:(2 2)
80pct:(2 1)
01pct:(5 4)
02pct:(5 4)
05pct:(5 4)
10pct:(5 3)
20pct:(5 2)
40pct:(5 1)
80pct:(5 1)
01pct:(3 4)
02pct:(3 4)
05pct:(3 4)
10pct:(3 4)
20pct:(3 3)
40pct:(3 1)
80pct:(3 1)
01pct:(2 4)
02pct:(2 4)
05pct:(2 4)
10pct:(2 4)
20pct:(2 4)
40pct:(2 2)
80pct:(2 1)
01pct:(4 4)
02pct:(4 4)
05pct:(4 4)
10pct:(4 4)
20pct:(4 3)
40pct:(4 1)
80pct:(4 1)
01pct:(2 4)
02pct:(2 4)
05pct:(2 4)
10pct:(2 4)
20pct:(2 4)
40pct:(2 2)
80pct:(2 1)
01pct:(5 4)
02pct:(5 4)
05pct:(5 4)
10pct:(5 3)
20pct:(5 1)
40pct:(5 1)
80pct:(5 1)
01pct:(6 4)
02pct:(6 4)
05pct:(6 4)
10pct:(6 2)
20pct:(6 1)
40pct:(6 1)
80pct:(6 1)
01pct:(3 4)
02pct:(3 4)
05pct:(3 4)
10pct:(3 4)
20pct:(3 3)
40pct:(3 1)
80pct:(3 1)
01pct:(3 4)
02pct:(3 4)
05pct:(3 4)
10pct:(3 4)
20pct:(3 3)
40pct:(3 2)
80pct:(3 1)
01pct:(2 4)
02pct:(2 4)
05pct:(2 4)
10pct:(2 4)
20pct:(2 4)
40pct:(2 2)
80pct:(2 1)
01pct:(5 4)
02pct:(5 4)
05pct:(5 4)
10pct:(5 3)
20pct:(5 2)
40pct:(5 1)
80pct:(5 1)
01pct:(3 4)
02pct:(3 4)
05pct:(3 4)
10pct:(3 4)
20pct:(3 3)
40pct:(3 2)
80pct:(3 1)
01pct:(2 4)
02pct:(2 4)
05pct:(2 4)
10pct:(2 4)
20pct:(2 4)
40pct:(2 1)
80pct:(2 1)
01pct:(2 4)
02pct:(2 4)
05pct:(2 4)
10pct:(2 4)
20pct:(2 2)
40pct:(2 1)
80pct:(2 1)
01pct:(3 4)
02pct:(3 4)
05pct:(3 4)
10pct:(3 4)
20pct:(3 4)
40pct:(3 2)
80pct:(3 1)
01pct:(2 4)
02pct:(2 4)
05pct:(2 4)
10pct:(2 4)
20pct:(2 2)
40pct:(2 1)
80pct:(2 1)
01pct:(2 4)
02pct:(2 4)
05pct:(2 4)
10pct:(2 4)
20pct:(2 2)
40pct:(2 1)
80pct:(2 1)
01pct:(2 4)
02pct:(2 4)
05pct:(2 4)
10pct:(2 4)
20pct:(2 4)
40pct:(2 2)
80pct:(2 2)
01pct:(2 4)
02pct:(2 4)
05pct:(2 4)
10pct:(2 4)
20pct:(2 4)
40pct:(2 2)
80pct:(2 1)
01pct:(3 4)
02pct:(3 4)
05pct:(3 4)
10pct:(3 4)
20pct:(3 2)
40pct:(3 1)
80pct:(3 1)
01pct:(4 4)
02pct:(4 4)
05pct:(4 4)
10pct:(4 4)
20pct:(4 3)
40pct:(4 1)
80pct:(4 1)
01pct:(3 4)
02pct:(3 4)
05pct:(3 4)
10pct:(3 3)
20pct:(3 2)
40pct:(3 1)
80pct:(3 1)
01pct:(4 4)
02pct:(4 4)
05pct:(4 4)
10pct:(4 3)
20pct:(4 2)
40pct:(4 1)
80pct:(4 1)
01pct:(5 4)
02pct:(5 4)
05pct:(5 4)
10pct:(5 4)
20pct:(5 3)
40pct:(5 1)
80pct:(5 1)
01pct:(3 4)
02pct:(3 4)
05pct:(3 4)
10pct:(3 4)
20pct:(3 3)
40pct:(3 1)
80pct:(3 1)
01pct:(3 4)
02pct:(3 4)
05pct:(3 4)
10pct:(3 4)
20pct:(3 3)
40pct:(3 1)
80pct:(3 1)
01pct:(2 4)
02pct:(2 4)
05pct:(2 4)
10pct:(2 4)
20pct:(2 4)
40pct:(2 1)
80pct:(2 1)
01pct:(4 4)
02pct:(4 4)
05pct:(4 4)
10pct:(4 3)
20pct:(4 1)
40pct:(4 1)
80pct:(4 1)
01pct:(4 4)
02pct:(4 4)
05pct:(4 4)
10pct:(4 4)
20pct:(4 1)
40pct:(4 1)
80pct:(4 1)
01pct:(2 4)
02pct:(2 4)
05pct:(2 4)
10pct:(2 4)
20pct:(2 2)
40pct:(2 1)
80pct:(2 1)
01pct:(2 4)
02pct:(2 4)
05pct:(2 4)
10pct:(2 4)
20pct:(2 1)
40pct:(2 1)
80pct:(2 1)
01pct:(2 4)
02pct:(2 4)
05pct:(2 4)
10pct:(2 4)
20pct:(2 2)
40pct:(2 1)
80pct:(2 1)
01pct:(2 4)
02pct:(2 4)
05pct:(2 4)
10pct:(2 4)
20pct:(2 2)
40pct:(2 1)
80pct:(2 1)
01pct:(3 4)
02pct:(3 4)
05pct:(3 4)
10pct:(3 4)
20pct:(3 2)
40pct:(3 1)
80pct:(3 1)
01pct:(4 4)
02pct:(4 4)
05pct:(4 4)
10pct:(4 4)
20pct:(4 3)
40pct:(4 1)
80pct:(4 1)
01pct:(2 4)
02pct:(2 4)
05pct:(2 4)
10pct:(2 4)
20pct:(2 2)
40pct:(2 1)
80pct:(2 1)
01pct:(2 4)
02pct:(2 4)
05pct:(2 4)
10pct:(2 4)
20pct:(2 4)
40pct:(2 2)
80pct:(2 1)
01pct:(2 4)
02pct:(2 4)
05pct:(2 4)
10pct:(2 4)
20pct:(2 2)
40pct:(2 1)
80pct:(2 1)
01pct:(2 4)
02pct:(2 4)
05pct:(2 4)
10pct:(2 4)
20pct:(2 2)
40pct:(2 1)
80pct:(2 1)
01pct:(3 4)
02pct:(3 4)
05pct:(3 4)
10pct:(3 4)
20pct:(3 3)
40pct:(3 2)
80pct:(3 1)
01pct:(2 4)
02pct:(2 4)
05pct:(2 4)
10pct:(2 4)
20pct:(2 2)
40pct:(2 1)
80pct:(2 1)
01pct:(2 4)
02pct:(2 4)
05pct:(2 4)
10pct:(2 4)
20pct:(2 2)
40pct:(2 1)
80pct:(2 1)
01pct:(4 4)
02pct:(4 4)
05pct:(4 4)
10pct:(4 4)
20pct:(4 2)
40pct:(4 1)
80pct:(4 1)
01pct:(6 4)
02pct:(6 4)
05pct:(6 4)
10pct:(6 2)
20pct:(6 1)
40pct:(6 1)
80pct:(6 1)
01pct:(2 4)
02pct:(2 4)
05pct:(2 4)
10pct:(2 4)
20pct:(2 4)
40pct:(2 2)
80pct:(2 1)
01pct:(2 4)
02pct:(2 4)
05pct:(2 4)
10pct:(2 2)
20pct:(2 2)
40pct:(2 1)
80pct:(2 1)
01pct:(2 4)
02pct:(2 4)
05pct:(2 4)
10pct:(2 4)
20pct:(2 2)
40pct:(2 1)
80pct:(2 1)
01pct:(3 4)
02pct:(3 4)
05pct:(3 4)
10pct:(3 4)
20pct:(3 3)
40pct:(3 1)
80pct:(3 1)
01pct:(4 4)
02pct:(4 4)
05pct:(4 4)
10pct:(4 3)
20pct:(4 2)
40pct:(4 1)
80pct:(4 1)
01pct:(4 4)
02pct:(4 4)
05pct:(4 4)
10pct:(4 3)
20pct:(4 2)
40pct:(4 1)
80pct:(4 1)
01pct:(3 4)
02pct:(3 4)
05pct:(3 4)
10pct:(3 4)
20pct:(3 2)
40pct:(3 1)
80pct:(3 1)
01pct:(5 4)
02pct:(5 4)
05pct:(5 4)
10pct:(5 4)
20pct:(5 2)
40pct:(5 1)
80pct:(5 1)
01pct:(2 4)
02pct:(2 4)
05pct:(2 4)
10pct:(2 4)
20pct:(2 2)
40pct:(2 1)
80pct:(2 1)
01pct:(2 4)
02pct:(2 4)
05pct:(2 4)
10pct:(2 4)
20pct:(2 2)
40pct:(2 1)
80pct:(2 1)
01pct:(6 4)
02pct:(6 4)
05pct:(6 4)
10pct:(6 4)
20pct:(6 2)
40pct:(6 1)
80pct:(6 1)
01pct:(3 4)
02pct:(3 4)
05pct:(3 4)
10pct:(3 3)
20pct:(3 2)
40pct:(3 1)
80pct:(3 1)
01pct:(3 4)
02pct:(3 4)
05pct:(3 4)
10pct:(3 2)
20pct:(3 2)
40pct:(3 1)
80pct:(3 1)
01pct:(4 4)
02pct:(4 4)
05pct:(4 4)
10pct:(4 4)
20pct:(4 4)
40pct:(4 1)
80pct:(4 1)
01pct:(4 4)
02pct:(4 4)
05pct:(4 4)
10pct:(4 4)
20pct:(4 2)
40pct:(4 1)
80pct:(4 1)
01pct:(2 4)
02pct:(2 4)
05pct:(2 4)
10pct:(2 4)
20pct:(2 2)
40pct:(2 1)
80pct:(2 1)
01pct:(3 4)
02pct:(3 4)
05pct:(3 4)
10pct:(3 4)
20pct:(3 4)
40pct:(3 1)
80pct:(3 1)
01pct:(2 4)
02pct:(2 4)
05pct:(2 4)
10pct:(2 4)
20pct:(2 2)
40pct:(2 1)
80pct:(2 1)
01pct:(5 4)
02pct:(5 4)
05pct:(5 4)
10pct:(5 4)
20pct:(5 2)
40pct:(5 1)
80pct:(5 1)
01pct:(4 4)
02pct:(4 4)
05pct:(4 4)
10pct:(4 4)
20pct:(4 3)
40pct:(4 1)
80pct:(4 1)
01pct:(3 4)
02pct:(3 4)
05pct:(3 4)
10pct:(3 4)
20pct:(3 3)
40pct:(3 2)
80pct:(3 1)
01pct:(2 4)
02pct:(2 4)
05pct:(2 4)
10pct:(2 4)
20pct:(2 2)
40pct:(2 1)
80pct:(2 1)
01pct:(2 4)
02pct:(2 4)
05pct:(2 4)
10pct:(2 4)
20pct:(2 2)
40pct:(2 1)
80pct:(2 1)
01pct:(4 4)
02pct:(4 4)
05pct:(4 4)
10pct:(4 4)
20pct:(4 3)
40pct:(4 1)
80pct:(4 1)
... working coefficient histogram ... 
... working runtime histogram ... 
05.148 s: +
05.165 s:  +
05.182 s:+
05.199 s:  +
05.216 s:+
05.233 s:+
05.250 s:+
05.267 s:+
05.284 s:+
05.301 s:+
05.318 s:+
05.335 s:+
05.352 s:+
05.369 s:+
05.386 s: +
05.403 s:+
05.419 s:+
05.436 s:+
05.453 s:+
05.470 s:+
05.487 s:+
05.504 s:+
05.521 s:+
05.538 s:+
05.555 s:+
05.572 s:+
05.589 s:  +
05.606 s:+
05.623 s:    +
05.640 s:   +
05.657 s:    +
05.674 s:  +
05.691 s: +
05.708 s: +
05.725 s: +
05.742 s:    +
05.759 s:       +
05.775 s: +
05.792 s:   +
05.809 s:  +
05.826 s: +
05.843 s:    +
05.860 s:        +
05.877 s:      +
05.894 s:       +
05.911 s:      +
05.928 s:       +
05.945 s:     +
05.962 s:          +
05.979 s:     +
05.996 s:   +
06.13 s:      +
06.30 s:     +
06.47 s:       +
06.64 s:  +
06.81 s:     +
06.98 s:   +
06.115 s:   +
06.132 s: +
06.148 s:+
06.165 s:+
06.182 s:  +
06.199 s:+
06.216 s: +
