For now assuming 4 micron wavelength streading for a 13 fs temporal window
For now also assuming 100eV for the energy window regardless of sampling
.1eV = 100fs, 1eV = 10fs, (30nm width @ 800nm) 50meV = 33fs gives time-bandwidth product dE[eV]*dt[fs] = 1.620000
01pct:(3 4)
02pct:(3 4)
05pct:(3 4)
10pct:(3 4)
20pct:(3 4)
40pct:(3 1)
80pct:(3 1)
01pct:(3 4)
02pct:(3 4)
05pct:(3 4)
10pct:(3 4)
20pct:(3 1)
40pct:(3 1)
80pct:(3 1)
01pct:(3 4)
02pct:(3 4)
05pct:(3 4)
10pct:(3 4)
20pct:(3 3)
40pct:(3 2)
80pct:(3 1)
01pct:(4 4)
02pct:(4 4)
05pct:(4 4)
10pct:(4 4)
20pct:(4 2)
40pct:(4 1)
80pct:(4 1)
01pct:(2 4)
02pct:(2 4)
05pct:(2 4)
10pct:(2 4)
20pct:(2 2)
40pct:(2 1)
80pct:(2 1)
01pct:(3 4)
02pct:(3 4)
05pct:(3 4)
10pct:(3 3)
20pct:(3 1)
40pct:(3 1)
80pct:(3 1)
01pct:(2 4)
02pct:(2 4)
05pct:(2 4)
10pct:(2 4)
20pct:(2 2)
40pct:(2 1)
80pct:(2 1)
01pct:(3 4)
02pct:(3 4)
05pct:(3 4)
10pct:(3 4)
20pct:(3 4)
40pct:(3 3)
80pct:(3 1)
01pct:(2 4)
02pct:(2 4)
05pct:(2 4)
10pct:(2 4)
20pct:(2 4)
40pct:(2 2)
80pct:(2 1)
01pct:(2 4)
02pct:(2 4)
05pct:(2 4)
10pct:(2 4)
20pct:(2 2)
40pct:(2 1)
80pct:(2 1)
01pct:(2 4)
02pct:(2 4)
05pct:(2 4)
10pct:(2 4)
20pct:(2 2)
40pct:(2 1)
80pct:(2 1)
01pct:(2 4)
02pct:(2 4)
05pct:(2 4)
10pct:(2 4)
20pct:(2 2)
40pct:(2 1)
80pct:(2 1)
01pct:(2 4)
02pct:(2 4)
05pct:(2 4)
10pct:(2 4)
20pct:(2 4)
40pct:(2 3)
80pct:(2 1)
01pct:(3 4)
02pct:(3 4)
05pct:(3 4)
10pct:(3 4)
20pct:(3 3)
40pct:(3 1)
80pct:(3 1)
01pct:(4 4)
02pct:(4 4)
05pct:(4 4)
10pct:(4 4)
20pct:(4 4)
40pct:(4 2)
80pct:(4 1)
01pct:(2 4)
02pct:(2 4)
05pct:(2 4)
10pct:(2 4)
20pct:(2 2)
40pct:(2 1)
80pct:(2 1)
01pct:(3 4)
02pct:(3 4)
05pct:(3 4)
10pct:(3 4)
20pct:(3 2)
40pct:(3 1)
80pct:(3 1)
01pct:(3 4)
02pct:(3 4)
05pct:(3 4)
10pct:(3 4)
20pct:(3 2)
40pct:(3 1)
80pct:(3 1)
01pct:(3 4)
02pct:(3 4)
05pct:(3 4)
10pct:(3 3)
20pct:(3 2)
40pct:(3 1)
80pct:(3 1)
01pct:(3 4)
02pct:(3 4)
05pct:(3 4)
10pct:(3 2)
20pct:(3 2)
40pct:(3 1)
80pct:(3 1)
01pct:(3 4)
02pct:(3 4)
05pct:(3 4)
10pct:(3 4)
20pct:(3 3)
40pct:(3 2)
80pct:(3 1)
01pct:(3 4)
02pct:(3 4)
05pct:(3 4)
10pct:(3 4)
20pct:(3 2)
40pct:(3 1)
80pct:(3 1)
01pct:(4 4)
02pct:(4 4)
05pct:(4 4)
10pct:(4 2)
20pct:(4 1)
40pct:(4 1)
80pct:(4 1)
01pct:(2 4)
02pct:(2 4)
05pct:(2 4)
10pct:(2 4)
20pct:(2 3)
40pct:(2 1)
80pct:(2 1)
01pct:(2 4)
02pct:(2 4)
05pct:(2 4)
10pct:(2 4)
20pct:(2 2)
40pct:(2 1)
80pct:(2 1)
01pct:(2 4)
02pct:(2 4)
05pct:(2 4)
10pct:(2 4)
20pct:(2 2)
40pct:(2 1)
80pct:(2 1)
01pct:(2 4)
02pct:(2 4)
05pct:(2 4)
10pct:(2 4)
20pct:(2 4)
40pct:(2 2)
80pct:(2 1)
01pct:(4 4)
02pct:(4 4)
05pct:(4 4)
10pct:(4 4)
20pct:(4 2)
40pct:(4 1)
80pct:(4 1)
01pct:(2 4)
02pct:(2 4)
05pct:(2 4)
10pct:(2 4)
20pct:(2 2)
40pct:(2 1)
80pct:(2 1)
01pct:(3 4)
02pct:(3 4)
05pct:(3 4)
10pct:(3 4)
20pct:(3 4)
40pct:(3 2)
80pct:(3 1)
01pct:(2 4)
02pct:(2 4)
05pct:(2 4)
10pct:(2 4)
20pct:(2 4)
40pct:(2 2)
80pct:(2 1)
01pct:(2 4)
02pct:(2 4)
05pct:(2 4)
10pct:(2 4)
20pct:(2 2)
40pct:(2 1)
80pct:(2 1)
01pct:(4 4)
02pct:(4 4)
05pct:(4 4)
10pct:(4 4)
20pct:(4 2)
40pct:(4 1)
80pct:(4 1)
01pct:(3 4)
02pct:(3 4)
05pct:(3 4)
10pct:(3 3)
20pct:(3 1)
40pct:(3 1)
80pct:(3 1)
01pct:(3 4)
02pct:(3 4)
05pct:(3 4)
10pct:(3 4)
20pct:(3 2)
40pct:(3 1)
80pct:(3 1)
01pct:(4 4)
02pct:(4 4)
05pct:(4 4)
10pct:(4 4)
20pct:(4 2)
40pct:(4 1)
80pct:(4 1)
01pct:(2 4)
02pct:(2 4)
05pct:(2 4)
10pct:(2 4)
20pct:(2 2)
40pct:(2 1)
80pct:(2 1)
01pct:(2 4)
02pct:(2 4)
05pct:(2 4)
10pct:(2 4)
20pct:(2 2)
40pct:(2 1)
80pct:(2 1)
01pct:(2 4)
02pct:(2 4)
05pct:(2 4)
10pct:(2 4)
20pct:(2 4)
40pct:(2 1)
80pct:(2 1)
01pct:(3 4)
02pct:(3 4)
05pct:(3 4)
10pct:(3 4)
20pct:(3 3)
40pct:(3 1)
80pct:(3 1)
01pct:(4 4)
02pct:(4 4)
05pct:(4 4)
10pct:(4 4)
20pct:(4 2)
40pct:(4 1)
80pct:(4 1)
01pct:(4 4)
02pct:(4 4)
05pct:(4 4)
10pct:(4 4)
20pct:(4 2)
40pct:(4 1)
80pct:(4 1)
01pct:(2 4)
02pct:(2 4)
05pct:(2 4)
10pct:(2 4)
20pct:(2 4)
40pct:(2 2)
80pct:(2 1)
01pct:(3 4)
02pct:(3 4)
05pct:(3 4)
10pct:(3 4)
20pct:(3 4)
40pct:(3 3)
80pct:(3 1)
01pct:(4 4)
02pct:(4 4)
05pct:(4 4)
10pct:(4 3)
20pct:(4 2)
40pct:(4 1)
80pct:(4 1)
01pct:(2 4)
02pct:(2 4)
05pct:(2 4)
10pct:(2 4)
20pct:(2 4)
40pct:(2 2)
80pct:(2 1)
01pct:(2 4)
02pct:(2 4)
05pct:(2 4)
10pct:(2 4)
20pct:(2 4)
40pct:(2 1)
80pct:(2 1)
01pct:(2 4)
02pct:(2 4)
05pct:(2 4)
10pct:(2 4)
20pct:(2 3)
40pct:(2 2)
80pct:(2 1)
01pct:(2 4)
02pct:(2 4)
05pct:(2 4)
10pct:(2 4)
20pct:(2 4)
40pct:(2 1)
80pct:(2 1)
01pct:(3 4)
02pct:(3 4)
05pct:(3 4)
10pct:(3 4)
20pct:(3 2)
40pct:(3 1)
80pct:(3 1)
01pct:(6 4)
02pct:(6 4)
05pct:(6 4)
10pct:(6 3)
20pct:(6 2)
40pct:(6 1)
80pct:(6 1)
01pct:(3 4)
02pct:(3 4)
05pct:(3 4)
10pct:(3 4)
20pct:(3 2)
40pct:(3 1)
80pct:(3 1)
01pct:(3 4)
02pct:(3 4)
05pct:(3 4)
10pct:(3 4)
20pct:(3 4)
40pct:(3 2)
80pct:(3 1)
01pct:(4 4)
02pct:(4 4)
05pct:(4 4)
10pct:(4 4)
20pct:(4 2)
40pct:(4 1)
80pct:(4 1)
01pct:(4 4)
02pct:(4 4)
05pct:(4 4)
10pct:(4 4)
20pct:(4 3)
40pct:(4 1)
80pct:(4 1)
01pct:(2 4)
02pct:(2 4)
05pct:(2 4)
10pct:(2 4)
20pct:(2 4)
40pct:(2 2)
80pct:(2 1)
01pct:(2 4)
02pct:(2 4)
05pct:(2 4)
10pct:(2 4)
20pct:(2 1)
40pct:(2 1)
80pct:(2 1)
01pct:(6 4)
02pct:(6 4)
05pct:(6 4)
10pct:(6 4)
20pct:(6 2)
40pct:(6 1)
80pct:(6 1)
01pct:(2 4)
02pct:(2 4)
05pct:(2 4)
10pct:(2 4)
20pct:(2 3)
40pct:(2 1)
80pct:(2 1)
01pct:(5 4)
02pct:(5 4)
05pct:(5 4)
10pct:(5 4)
20pct:(5 3)
40pct:(5 1)
80pct:(5 1)
01pct:(3 4)
02pct:(3 4)
05pct:(3 4)
10pct:(3 2)
20pct:(3 1)
40pct:(3 1)
80pct:(3 1)
01pct:(3 4)
02pct:(3 4)
05pct:(3 4)
10pct:(3 4)
20pct:(3 2)
40pct:(3 1)
80pct:(3 1)
01pct:(4 4)
02pct:(4 4)
05pct:(4 4)
10pct:(4 3)
20pct:(4 1)
40pct:(4 1)
80pct:(4 1)
01pct:(4 4)
02pct:(4 4)
05pct:(4 4)
10pct:(4 4)
20pct:(4 3)
40pct:(4 1)
80pct:(4 1)
01pct:(4 4)
02pct:(4 4)
05pct:(4 4)
10pct:(4 2)
20pct:(4 1)
40pct:(4 1)
80pct:(4 1)
01pct:(2 4)
02pct:(2 4)
05pct:(2 4)
10pct:(2 4)
20pct:(2 4)
40pct:(2 2)
80pct:(2 1)
01pct:(2 4)
02pct:(2 4)
05pct:(2 4)
10pct:(2 4)
20pct:(2 4)
40pct:(2 1)
80pct:(2 1)
01pct:(4 4)
02pct:(4 4)
05pct:(4 4)
10pct:(4 4)
20pct:(4 3)
40pct:(4 1)
80pct:(4 1)
01pct:(2 4)
02pct:(2 4)
05pct:(2 4)
10pct:(2 4)
20pct:(2 4)
40pct:(2 3)
80pct:(2 1)
01pct:(2 4)
02pct:(2 4)
05pct:(2 4)
10pct:(2 4)
20pct:(2 4)
40pct:(2 3)
80pct:(2 1)
01pct:(2 4)
02pct:(2 4)
05pct:(2 4)
10pct:(2 3)
20pct:(2 2)
40pct:(2 1)
80pct:(2 1)
01pct:(2 4)
02pct:(2 4)
05pct:(2 4)
10pct:(2 2)
20pct:(2 2)
40pct:(2 1)
80pct:(2 1)
01pct:(6 4)
02pct:(6 4)
05pct:(6 4)
10pct:(6 4)
20pct:(6 2)
40pct:(6 1)
80pct:(6 1)
01pct:(3 4)
02pct:(3 4)
05pct:(3 4)
10pct:(3 4)
20pct:(3 3)
40pct:(3 1)
80pct:(3 1)
01pct:(2 4)
02pct:(2 4)
05pct:(2 4)
10pct:(2 4)
20pct:(2 4)
40pct:(2 1)
80pct:(2 1)
01pct:(2 4)
02pct:(2 4)
05pct:(2 4)
10pct:(2 4)
20pct:(2 2)
40pct:(2 1)
80pct:(2 1)
01pct:(2 4)
02pct:(2 4)
05pct:(2 4)
10pct:(2 4)
20pct:(2 4)
40pct:(2 2)
80pct:(2 1)
01pct:(2 4)
02pct:(2 4)
05pct:(2 4)
10pct:(2 4)
20pct:(2 4)
40pct:(2 1)
80pct:(2 1)
01pct:(5 4)
02pct:(5 4)
05pct:(5 4)
10pct:(5 3)
20pct:(5 2)
40pct:(5 1)
80pct:(5 1)
01pct:(2 4)
02pct:(2 4)
05pct:(2 4)
10pct:(2 4)
20pct:(2 4)
40pct:(2 2)
80pct:(2 1)
01pct:(4 4)
02pct:(4 4)
05pct:(4 4)
10pct:(4 4)
20pct:(4 3)
40pct:(4 1)
80pct:(4 1)
01pct:(4 4)
02pct:(4 4)
05pct:(4 4)
10pct:(4 4)
20pct:(4 3)
40pct:(4 1)
80pct:(4 1)
01pct:(3 4)
02pct:(3 4)
05pct:(3 4)
10pct:(3 4)
20pct:(3 3)
40pct:(3 1)
80pct:(3 1)
01pct:(4 4)
02pct:(4 4)
05pct:(4 4)
10pct:(4 4)
20pct:(4 3)
40pct:(4 1)
80pct:(4 1)
01pct:(2 4)
02pct:(2 4)
05pct:(2 4)
10pct:(2 4)
20pct:(2 2)
40pct:(2 1)
80pct:(2 1)
01pct:(5 4)
02pct:(5 4)
05pct:(5 4)
10pct:(5 4)
20pct:(5 1)
40pct:(5 1)
80pct:(5 1)
01pct:(2 4)
02pct:(2 4)
05pct:(2 4)
10pct:(2 4)
20pct:(2 4)
40pct:(2 1)
80pct:(2 1)
01pct:(3 4)
02pct:(3 4)
05pct:(3 4)
10pct:(3 3)
20pct:(3 2)
40pct:(3 1)
80pct:(3 1)
01pct:(2 4)
02pct:(2 4)
05pct:(2 4)
10pct:(2 4)
20pct:(2 2)
40pct:(2 1)
80pct:(2 1)
01pct:(2 4)
02pct:(2 4)
05pct:(2 4)
10pct:(2 4)
20pct:(2 2)
40pct:(2 1)
80pct:(2 1)
01pct:(2 4)
02pct:(2 4)
05pct:(2 4)
10pct:(2 4)
20pct:(2 2)
40pct:(2 1)
80pct:(2 1)
01pct:(2 4)
02pct:(2 4)
05pct:(2 4)
10pct:(2 4)
20pct:(2 4)
40pct:(2 2)
80pct:(2 1)
01pct:(2 4)
02pct:(2 4)
05pct:(2 4)
10pct:(2 4)
20pct:(2 4)
40pct:(2 3)
80pct:(2 1)
01pct:(3 4)
02pct:(3 4)
05pct:(3 4)
10pct:(3 4)
20pct:(3 2)
40pct:(3 1)
80pct:(3 1)
01pct:(2 4)
02pct:(2 4)
05pct:(2 4)
10pct:(2 4)
20pct:(2 2)
40pct:(2 1)
80pct:(2 1)
01pct:(4 4)
02pct:(4 4)
05pct:(4 4)
10pct:(4 4)
20pct:(4 2)
40pct:(4 1)
80pct:(4 1)
01pct:(5 4)
02pct:(5 4)
05pct:(5 4)
10pct:(5 4)
20pct:(5 1)
40pct:(5 1)
80pct:(5 1)
01pct:(2 4)
02pct:(2 4)
05pct:(2 4)
10pct:(2 4)
20pct:(2 2)
40pct:(2 1)
80pct:(2 1)
01pct:(3 4)
02pct:(3 4)
05pct:(3 4)
10pct:(3 4)
20pct:(3 1)
40pct:(3 1)
80pct:(3 1)
01pct:(2 4)
02pct:(2 4)
05pct:(2 4)
10pct:(2 4)
20pct:(2 2)
40pct:(2 1)
80pct:(2 1)
01pct:(3 4)
02pct:(3 4)
05pct:(3 4)
10pct:(3 4)
20pct:(3 2)
40pct:(3 1)
80pct:(3 1)
01pct:(2 4)
02pct:(2 4)
05pct:(2 4)
10pct:(2 4)
20pct:(2 4)
40pct:(2 1)
80pct:(2 1)
01pct:(4 4)
02pct:(4 4)
05pct:(4 4)
10pct:(4 3)
20pct:(4 2)
40pct:(4 1)
80pct:(4 1)
01pct:(3 4)
02pct:(3 4)
05pct:(3 4)
10pct:(3 4)
20pct:(3 3)
40pct:(3 1)
80pct:(3 1)
01pct:(4 4)
02pct:(4 4)
05pct:(4 4)
10pct:(4 2)
20pct:(4 1)
40pct:(4 1)
80pct:(4 1)
01pct:(3 4)
02pct:(3 4)
05pct:(3 4)
10pct:(3 4)
20pct:(3 2)
40pct:(3 1)
80pct:(3 1)
01pct:(2 4)
02pct:(2 4)
05pct:(2 4)
10pct:(2 4)
20pct:(2 2)
40pct:(2 1)
80pct:(2 1)
01pct:(3 4)
02pct:(3 4)
05pct:(3 4)
10pct:(3 4)
20pct:(3 4)
40pct:(3 2)
80pct:(3 1)
01pct:(3 4)
02pct:(3 4)
05pct:(3 4)
10pct:(3 4)
20pct:(3 2)
40pct:(3 1)
80pct:(3 1)
01pct:(5 4)
02pct:(5 4)
05pct:(5 4)
10pct:(5 3)
20pct:(5 2)
40pct:(5 1)
80pct:(5 1)
01pct:(2 4)
02pct:(2 4)
05pct:(2 4)
10pct:(2 4)
20pct:(2 2)
40pct:(2 1)
80pct:(2 1)
01pct:(5 4)
02pct:(5 4)
05pct:(5 4)
10pct:(5 4)
20pct:(5 1)
40pct:(5 1)
80pct:(5 1)
01pct:(2 4)
02pct:(2 4)
05pct:(2 4)
10pct:(2 4)
20pct:(2 4)
40pct:(2 3)
80pct:(2 1)
01pct:(2 4)
02pct:(2 4)
05pct:(2 4)
10pct:(2 4)
20pct:(2 3)
40pct:(2 1)
80pct:(2 1)
01pct:(2 4)
02pct:(2 4)
05pct:(2 4)
10pct:(2 4)
20pct:(2 4)
40pct:(2 2)
80pct:(2 1)
01pct:(2 4)
02pct:(2 4)
05pct:(2 4)
10pct:(2 4)
20pct:(2 4)
40pct:(2 1)
80pct:(2 1)
01pct:(3 4)
02pct:(3 4)
05pct:(3 4)
10pct:(3 4)
20pct:(3 3)
40pct:(3 1)
80pct:(3 1)
01pct:(2 4)
02pct:(2 4)
05pct:(2 4)
10pct:(2 4)
20pct:(2 3)
40pct:(2 1)
80pct:(2 1)
01pct:(2 4)
02pct:(2 4)
05pct:(2 4)
10pct:(2 4)
20pct:(2 1)
40pct:(2 1)
80pct:(2 1)
01pct:(3 4)
02pct:(3 4)
05pct:(3 4)
10pct:(3 4)
20pct:(3 3)
40pct:(3 1)
80pct:(3 1)
01pct:(3 4)
02pct:(3 4)
05pct:(3 4)
10pct:(3 4)
20pct:(3 4)
40pct:(3 2)
80pct:(3 1)
01pct:(4 4)
02pct:(4 4)
05pct:(4 4)
10pct:(4 4)
20pct:(4 2)
40pct:(4 1)
80pct:(4 1)
01pct:(5 4)
02pct:(5 4)
05pct:(5 4)
10pct:(5 2)
20pct:(5 1)
40pct:(5 1)
80pct:(5 1)
01pct:(2 4)
02pct:(2 4)
05pct:(2 4)
10pct:(2 4)
20pct:(2 4)
40pct:(2 2)
80pct:(2 1)
01pct:(2 4)
02pct:(2 4)
05pct:(2 4)
10pct:(2 4)
20pct:(2 4)
40pct:(2 1)
80pct:(2 1)
01pct:(2 4)
02pct:(2 4)
05pct:(2 4)
10pct:(2 4)
20pct:(2 4)
40pct:(2 3)
80pct:(2 1)
01pct:(3 4)
02pct:(3 4)
05pct:(3 4)
10pct:(3 4)
20pct:(3 2)
40pct:(3 1)
80pct:(3 1)
01pct:(3 4)
02pct:(3 4)
05pct:(3 4)
10pct:(3 4)
20pct:(3 3)
40pct:(3 3)
80pct:(3 1)
01pct:(2 4)
02pct:(2 4)
05pct:(2 4)
10pct:(2 4)
20pct:(2 2)
40pct:(2 2)
80pct:(2 1)
01pct:(3 4)
02pct:(3 4)
05pct:(3 4)
10pct:(3 4)
20pct:(3 2)
40pct:(3 1)
80pct:(3 1)
01pct:(2 4)
02pct:(2 4)
05pct:(2 4)
10pct:(2 4)
20pct:(2 3)
40pct:(2 1)
80pct:(2 1)
01pct:(2 4)
02pct:(2 4)
05pct:(2 4)
10pct:(2 4)
20pct:(2 4)
40pct:(2 4)
80pct:(2 1)
01pct:(2 4)
02pct:(2 4)
05pct:(2 4)
10pct:(2 4)
20pct:(2 4)
40pct:(2 2)
80pct:(2 1)
01pct:(2 4)
02pct:(2 4)
05pct:(2 4)
10pct:(2 4)
20pct:(2 3)
40pct:(2 1)
80pct:(2 1)
01pct:(2 4)
02pct:(2 4)
05pct:(2 4)
10pct:(2 4)
20pct:(2 4)
40pct:(2 2)
80pct:(2 1)
01pct:(3 4)
02pct:(3 4)
05pct:(3 4)
10pct:(3 3)
20pct:(3 2)
40pct:(3 1)
80pct:(3 1)
01pct:(2 4)
02pct:(2 4)
05pct:(2 4)
10pct:(2 4)
20pct:(2 4)
40pct:(2 2)
80pct:(2 1)
01pct:(4 4)
02pct:(4 4)
05pct:(4 4)
10pct:(4 4)
20pct:(4 2)
40pct:(4 1)
80pct:(4 1)
01pct:(3 4)
02pct:(3 4)
05pct:(3 4)
10pct:(3 4)
20pct:(3 4)
40pct:(3 1)
80pct:(3 1)
01pct:(4 4)
02pct:(4 4)
05pct:(4 4)
10pct:(4 4)
20pct:(4 4)
40pct:(4 1)
80pct:(4 1)
01pct:(2 4)
02pct:(2 4)
05pct:(2 4)
10pct:(2 4)
20pct:(2 2)
40pct:(2 1)
80pct:(2 1)
01pct:(5 4)
02pct:(5 4)
05pct:(5 4)
10pct:(5 3)
20pct:(5 2)
40pct:(5 1)
80pct:(5 1)
01pct:(3 4)
02pct:(3 4)
05pct:(3 4)
10pct:(3 4)
20pct:(3 3)
40pct:(3 1)
80pct:(3 1)
01pct:(2 4)
02pct:(2 4)
05pct:(2 4)
10pct:(2 4)
20pct:(2 2)
40pct:(2 1)
80pct:(2 1)
01pct:(2 4)
02pct:(2 4)
05pct:(2 4)
10pct:(2 4)
20pct:(2 4)
40pct:(2 1)
80pct:(2 1)
01pct:(3 4)
02pct:(3 4)
05pct:(3 4)
10pct:(3 4)
20pct:(3 3)
40pct:(3 1)
80pct:(3 1)
01pct:(2 4)
02pct:(2 4)
05pct:(2 4)
10pct:(2 4)
20pct:(2 3)
40pct:(2 1)
80pct:(2 1)
01pct:(2 4)
02pct:(2 4)
05pct:(2 4)
10pct:(2 3)
20pct:(2 2)
40pct:(2 1)
80pct:(2 1)
01pct:(2 4)
02pct:(2 4)
05pct:(2 4)
10pct:(2 4)
20pct:(2 2)
40pct:(2 1)
80pct:(2 1)
01pct:(2 4)
02pct:(2 4)
05pct:(2 4)
10pct:(2 4)
20pct:(2 4)
40pct:(2 2)
80pct:(2 1)
01pct:(2 4)
02pct:(2 4)
05pct:(2 4)
10pct:(2 4)
20pct:(2 4)
40pct:(2 1)
80pct:(2 1)
01pct:(3 4)
02pct:(3 4)
05pct:(3 4)
10pct:(3 4)
20pct:(3 4)
40pct:(3 2)
80pct:(3 1)
... working coefficient histogram ... 
... working runtime histogram ... 
04.862 s: +
04.883 s:+
04.903 s:+
04.924 s:+
04.945 s: +
04.966 s:+
04.987 s:+
05.7 s:+
05.28 s:+
05.49 s:   +
05.70 s:   +
05.90 s: +
05.111 s:+
05.132 s:+
05.153 s:+
05.174 s:+
05.194 s:+
05.215 s:+
05.236 s:+
05.257 s:+
05.277 s:+
05.298 s:+
05.319 s:+
05.340 s:+
05.361 s:+
05.381 s:+
05.402 s:+
05.423 s:+
05.444 s: +
05.465 s:    +
05.485 s:   +
05.506 s:    +
05.527 s:   +
05.548 s:     +
05.568 s:  +
05.589 s:  +
05.610 s:    +
05.631 s:    +
05.652 s:  +
05.672 s:+
05.693 s:     +
05.714 s:   +
05.735 s: +
05.755 s:+
05.776 s: +
05.797 s: +
05.818 s:    +
05.839 s:    +
05.859 s:    +
05.880 s:   +
05.901 s:    +
05.922 s:   +
05.942 s:    +
05.963 s:      +
05.984 s:           +
06.5 s:            +
06.26 s:           +
06.46 s:         +
06.67 s:   +
06.88 s:      +
06.109 s:       +
06.130 s:    +
06.150 s: +
06.171 s:  +
