For now assuming 4 micron wavelength streading for a 13 fs temporal window
For now also assuming 100eV for the energy window regardless of sampling
.1eV = 100fs, 1eV = 10fs, (30nm width @ 800nm) 50meV = 33fs gives time-bandwidth product dE[eV]*dt[fs] = 1.620000
... working coefficient histogram ... 
... working runtime histogram ... 
04.873 s: +
04.882 s:  +
04.892 s:+
04.901 s: +
04.911 s: +
04.920 s: +
04.930 s:+
04.939 s:+
04.949 s:+
04.958 s:+
04.968 s: +
04.977 s:+
04.987 s:+
04.996 s:+
05.6 s:+
05.15 s:+
05.25 s:+
05.34 s:+
05.44 s:+
05.53 s:+
05.63 s:+
05.72 s:+
05.82 s:+
05.91 s:+
05.101 s:+
05.110 s:+
05.120 s:+
05.129 s:+
05.139 s:+
05.148 s:+
05.158 s:+
05.167 s:+
05.177 s:+
05.187 s:+
05.196 s:+
05.206 s:+
05.215 s:+
05.225 s:+
05.234 s:+
05.244 s:+
05.253 s:+
05.263 s:+
05.272 s:+
05.282 s:+
05.291 s:+
05.301 s:+
05.310 s:+
05.320 s:   +
05.329 s:  +
05.339 s:    +
05.348 s:    +
05.358 s:      +
05.367 s:          +
05.377 s:                    +
05.386 s:                 +
05.396 s:                      +
05.405 s:                  +
05.415 s:        +
05.424 s:                +
05.434 s:        +
05.443 s:       +
05.453 s:  +
05.462 s: +
05.472 s:  +
