For now assuming 4 micron wavelength streading for a 13 fs temporal window
For now also assuming 100eV for the energy window regardless of sampling
.1eV = 100fs, 1eV = 10fs, (30nm width @ 800nm) 50meV = 33fs gives time-bandwidth product dE[eV]*dt[fs] = 1.620000
... working coefficient histogram ... 
... working runtime histogram ... 
04.734 s: +
04.760 s:+
04.785 s:+
04.811 s:+
04.836 s: +
04.862 s: +
04.888 s:       +
04.913 s:    +
04.939 s: +
04.964 s:  +
04.990 s: +
05.15 s:+
05.41 s:+
05.67 s:+
05.92 s:+
05.118 s:+
05.143 s:+
05.169 s:+
05.194 s:+
05.220 s:+
05.246 s:+
05.271 s:+
05.297 s:    +
05.322 s:                      +
05.348 s:                            +
05.373 s:                                             +
05.399 s:          +
05.425 s:   +
05.450 s:     +
05.476 s:+
05.501 s:+
05.527 s:+
05.552 s:+
05.578 s:+
05.604 s:+
05.629 s:+
05.655 s:+
05.680 s:+
05.706 s: +
05.731 s:+
05.757 s:+
05.783 s:+
05.808 s:+
05.834 s:+
05.859 s:+
05.885 s:+
05.910 s:+
05.936 s:+
05.961 s:+
05.987 s:+
06.13 s:+
06.38 s:+
06.64 s:+
06.89 s:+
06.115 s:+
06.140 s:+
06.166 s:+
06.192 s:+
06.217 s:+
06.243 s:+
06.268 s:+
06.294 s:+
06.319 s:+
06.345 s: +
