For now assuming 4 micron wavelength streading for a 13 fs temporal window
For now also assuming 100eV for the energy window regardless of sampling
.1eV = 100fs, 1eV = 10fs, (30nm width @ 800nm) 50meV = 33fs gives time-bandwidth product dE[eV]*dt[fs] = 1.620000
... working coefficient histogram ... 
... working runtime histogram ... 
04.815 s:     +
04.838 s:    +
04.862 s:        +
04.885 s:  +
04.909 s:+
04.932 s:+
04.956 s:+
04.979 s: +
05.3 s:+
05.26 s:+
05.49 s:+
05.73 s: +
05.96 s:+
05.120 s:+
05.143 s:+
05.167 s:+
05.190 s:+
05.213 s:+
05.237 s:+
05.260 s:         +
05.284 s:                 +
05.307 s:                                   +
05.331 s:                                   +
05.354 s:                +
05.378 s:  +
05.401 s:  +
05.424 s: +
05.448 s: +
05.471 s:+
05.495 s:+
05.518 s: +
05.542 s:+
05.565 s:+
05.588 s:+
05.612 s:+
05.635 s:+
05.659 s:+
05.682 s:+
05.706 s:+
05.729 s:+
05.753 s:+
05.776 s:+
05.799 s:+
05.823 s:+
05.846 s:+
05.870 s:+
05.893 s:+
05.917 s:+
05.940 s:+
05.963 s:+
05.987 s:+
06.10 s:+
06.34 s:+
06.57 s:+
06.81 s:+
06.104 s:+
06.128 s:+
06.151 s:+
06.174 s:+
06.198 s:+
06.221 s:+
06.245 s:+
06.268 s:+
06.292 s: +
