For now assuming 4 micron wavelength streading for a 13 fs temporal window
For now also assuming 100eV for the energy window regardless of sampling
.1eV = 100fs, 1eV = 10fs, (30nm width @ 800nm) 50meV = 33fs gives time-bandwidth product dE[eV]*dt[fs] = 1.620000
... working coefficient histogram ... 
... working runtime histogram ... 
04.591 s:       +
04.618 s: +
04.645 s:+
04.673 s:+
04.700 s:+
04.727 s:+
04.755 s:    +
04.782 s:    +
04.809 s:         +
04.837 s:  +
04.864 s:+
04.891 s:+
04.918 s:+
04.946 s:+
04.973 s:+
05.0 s: +
05.28 s:+
05.55 s:+
05.82 s:+
05.110 s:+
05.137 s:+
05.164 s: +
05.192 s:+
05.219 s:  +
05.246 s:       +
05.274 s:                                            +
05.301 s:                                     +
05.328 s:                   +
05.355 s:    +
05.383 s:    +
05.410 s: +
05.437 s:+
05.465 s: +
05.492 s:+
05.519 s:+
05.547 s:+
05.574 s:+
05.601 s:+
05.629 s:+
05.656 s:+
05.683 s:+
05.711 s:+
05.738 s:+
05.765 s:+
05.793 s:+
05.820 s:+
05.847 s:+
05.874 s:+
05.902 s:+
05.929 s:+
05.956 s:+
05.984 s:+
06.11 s:+
06.38 s:+
06.66 s:+
06.93 s:+
06.120 s:+
06.148 s:+
06.175 s:+
06.202 s:+
06.230 s:+
06.257 s:+
06.284 s:+
06.311 s: +
